<?xml version="1.0" encoding="UTF-8"?>
<testsuite name="com.cttic.service.CtticSpringboot2ApplicationTests" time="0.02" tests="1" errors="1" skipped="0" failures="0">
  <properties>
[...]
</properties>
  <testcase name="contextLoads" classname="com.cttic.service.CtticSpringboot2ApplicationTests" time="0.02">
    <error message="Error creating bean with name &apos;com.cttic.service.CtticSpringboot2ApplicationTests&apos;: Unsatisfied dependency expressed through field &apos;velocityEngine&apos;; nested exception is org.springframework.beans.factory.NoSuchBeanDefinitionException: No qualifying bean of type &apos;org.apache.velocity.app.VelocityEngine&apos; available: expected at least 1 bean which qualifies as autowire candidate. Dependency annotations: {@org.springframework.beans.factory.annotation.Autowired(required=true)}" type="org.springframework.beans.factory.UnsatisfiedDependencyException">org.springframework.beans.factory.UnsatisfiedDependencyException: Error creating bean with name 'com.cttic.service.CtticSpringboot2ApplicationTests': Unsatisfied dependency expressed through field 'velocityEngine'; nested exception is org.springframework.beans.factory.NoSuchBeanDefinitionException: No qualifying bean of type 'org.apache.velocity.app.VelocityEngine' available: expected at least 1 bean which qualifies as autowire candidate. Dependency annotations: {@org.springframework.beans.factory.annotation.Autowired(required=true)}
	at org.springframework.beans.factory.annotation.AutowiredAnnotationBeanPostProcessor$AutowiredFieldElement.inject(AutowiredAnnotationBeanPostProcessor.java:586)
	at org.springframework.beans.factory.annotation.InjectionMetadata.inject(InjectionMetadata.java:87)
	at org.springframework.beans.factory.annotation.AutowiredAnnotationBeanPostProcessor.postProcessPropertyValues(AutowiredAnnotationBeanPostProcessor.java:364)
	at org.springframework.beans.factory.support.AbstractAutowireCapableBeanFactory.populateBean(AbstractAutowireCapableBeanFactory.java:1269)
	at org.springframework.beans.factory.support.AbstractAutowireCapableBeanFactory.autowireBeanProperties(AbstractAutowireCapableBeanFactory.java:384)
	at org.springframework.test.context.support.DependencyInjectionTestExecutionListener.injectDependencies(DependencyInjectionTestExecutionListener.java:118)
	at org.springframework.test.context.support.DependencyInjectionTestExecutionListener.prepareTestInstance(DependencyInjectionTestExecutionListener.java:83)
	at org.springframework.boot.test.autoconfigure.SpringBootDependencyInjectionTestExecutionListener.prepareTestInstance(SpringBootDependencyInjectionTestExecutionListener.java:44)
	at org.springframework.test.context.TestContextManager.prepareTestInstance(TestContextManager.java:230)
	at org.springframework.test.context.junit4.SpringJUnit4ClassRunner.createTest(SpringJUnit4ClassRunner.java:228)
	at org.springframework.test.context.junit4.SpringJUnit4ClassRunner$1.runReflectiveCall(SpringJUnit4ClassRunner.java:287)
	at org.junit.internal.runners.model.ReflectiveCallable.run(ReflectiveCallable.java:12)
	at org.springframework.test.context.junit4.SpringJUnit4ClassRunner.methodBlock(SpringJUnit4ClassRunner.java:289)
	at org.springframework.test.context.junit4.SpringJUnit4ClassRunner.runChild(SpringJUnit4ClassRunner.java:247)
	at org.springframework.test.context.junit4.SpringJUnit4ClassRunner.runChild(SpringJUnit4ClassRunner.java:94)
	at org.junit.runners.ParentRunner$3.run(ParentRunner.java:290)
	at org.junit.runners.ParentRunner$1.schedule(ParentRunner.java:71)
	at org.junit.runners.ParentRunner.runChildren(ParentRunner.java:288)
	at org.junit.runners.ParentRunner.access$000(ParentRunner.java:58)
	at org.junit.runners.ParentRunner$2.evaluate(ParentRunner.java:268)
	at org.springframework.test.context.junit4.statements.RunBeforeTestClassCallbacks.evaluate(RunBeforeTestClassCallbacks.java:61)
	at org.springframework.test.context.junit4.statements.RunAfterTestClassCallbacks.evaluate(RunAfterTestClassCallbacks.java:70)
	at org.junit.runners.ParentRunner.run(ParentRunner.java:363)
	at org.springframework.test.context.junit4.SpringJUnit4ClassRunner.run(SpringJUnit4ClassRunner.java:191)
	at org.apache.maven.surefire.junit4.JUnit4Provider.execute(JUnit4Provider.java:283)
	at org.apache.maven.surefire.junit4.JUnit4Provider.executeWithRerun(JUnit4Provider.java:173)
	at org.apache.maven.surefire.junit4.JUnit4Provider.executeTestSet(JUnit4Provider.java:153)
	at org.apache.maven.surefire.junit4.JUnit4Provider.invoke(JUnit4Provider.java:128)
	at org.apache.maven.surefire.booter.ForkedBooter.invokeProviderInSameClassLoader(ForkedBooter.java:203)
	at org.apache.maven.surefire.booter.ForkedBooter.runSuitesInProcess(ForkedBooter.java:155)
	at org.apache.maven.surefire.booter.ForkedBooter.main(ForkedBooter.java:103)
Caused by: org.springframework.beans.factory.NoSuchBeanDefinitionException: No qualifying bean of type 'org.apache.velocity.app.VelocityEngine' available: expected at least 1 bean which qualifies as autowire candidate. Dependency annotations: {@org.springframework.beans.factory.annotation.Autowired(required=true)}
	at org.springframework.beans.factory.support.DefaultListableBeanFactory.raiseNoMatchingBeanFound(DefaultListableBeanFactory.java:1491)
	at org.springframework.beans.factory.support.DefaultListableBeanFactory.doResolveDependency(DefaultListableBeanFactory.java:1102)
	at org.springframework.beans.factory.support.DefaultListableBeanFactory.resolveDependency(DefaultListableBeanFactory.java:1064)
	at org.springframework.beans.factory.annotation.AutowiredAnnotationBeanPostProcessor$AutowiredFieldElement.inject(AutowiredAnnotationBeanPostProcessor.java:583)
	at org.springframework.beans.factory.annotation.InjectionMetadata.inject(InjectionMetadata.java:87)
	at org.springframework.beans.factory.annotation.AutowiredAnnotationBeanPostProcessor.postProcessPropertyValues(AutowiredAnnotationBeanPostProcessor.java:364)
	at org.springframework.beans.factory.support.AbstractAutowireCapableBeanFactory.populateBean(AbstractAutowireCapableBeanFactory.java:1269)
	at org.springframework.beans.factory.support.AbstractAutowireCapableBeanFactory.autowireBeanProperties(AbstractAutowireCapableBeanFactory.java:384)
	at org.springframework.test.context.support.DependencyInjectionTestExecutionListener.injectDependencies(DependencyInjectionTestExecutionListener.java:118)
	at org.springframework.test.context.support.DependencyInjectionTestExecutionListener.prepareTestInstance(DependencyInjectionTestExecutionListener.java:83)
	at org.springframework.boot.test.autoconfigure.SpringBootDependencyInjectionTestExecutionListener.prepareTestInstance(SpringBootDependencyInjectionTestExecutionListener.java:44)
	at org.springframework.test.context.TestContextManager.prepareTestInstance(TestContextManager.java:230)
	at org.springframework.test.context.junit4.SpringJUnit4ClassRunner.createTest(SpringJUnit4ClassRunner.java:228)
	at org.springframework.test.context.junit4.SpringJUnit4ClassRunner$1.runReflectiveCall(SpringJUnit4ClassRunner.java:287)
	at org.junit.internal.runners.model.ReflectiveCallable.run(ReflectiveCallable.java:12)
	at org.springframework.test.context.junit4.SpringJUnit4ClassRunner.methodBlock(SpringJUnit4ClassRunner.java:289)
	at org.springframework.test.context.junit4.SpringJUnit4ClassRunner.runChild(SpringJUnit4ClassRunner.java:247)
	at org.springframework.test.context.junit4.SpringJUnit4ClassRunner.runChild(SpringJUnit4ClassRunner.java:94)
	at org.junit.runners.ParentRunner$3.run(ParentRunner.java:290)
	at org.junit.runners.ParentRunner$1.schedule(ParentRunner.java:71)
	at org.junit.runners.ParentRunner.runChildren(ParentRunner.java:288)
	at org.junit.runners.ParentRunner.access$000(ParentRunner.java:58)
	at org.junit.runners.ParentRunner$2.evaluate(ParentRunner.java:268)
	at org.springframework.test.context.junit4.statements.RunBeforeTestClassCallbacks.evaluate(RunBeforeTestClassCallbacks.java:61)
	at org.springframework.test.context.junit4.statements.RunAfterTestClassCallbacks.evaluate(RunAfterTestClassCallbacks.java:70)
	at org.junit.runners.ParentRunner.run(ParentRunner.java:363)
	at org.springframework.test.context.junit4.SpringJUnit4ClassRunner.run(SpringJUnit4ClassRunner.java:191)
	at org.apache.maven.surefire.junit4.JUnit4Provider.execute(JUnit4Provider.java:283)
	at org.apache.maven.surefire.junit4.JUnit4Provider.executeWithRerun(JUnit4Provider.java:173)
	at org.apache.maven.surefire.junit4.JUnit4Provider.executeTestSet(JUnit4Provider.java:153)
	at org.apache.maven.surefire.junit4.JUnit4Provider.invoke(JUnit4Provider.java:128)
	at org.apache.maven.surefire.booter.ForkedBooter.invokeProviderInSameClassLoader(ForkedBooter.java:203)
	at org.apache.maven.surefire.booter.ForkedBooter.runSuitesInProcess(ForkedBooter.java:155)
	at org.apache.maven.surefire.booter.ForkedBooter.main(ForkedBooter.java:103)
</error>
    <system-out><![CDATA[16:34:09.900 [main] DEBUG org.springframework.test.context.junit4.SpringJUnit4ClassRunner - SpringJUnit4ClassRunner constructor called with [class com.cttic.service.CtticSpringboot2ApplicationTests]
16:34:09.906 [main] DEBUG org.springframework.test.context.BootstrapUtils - Instantiating CacheAwareContextLoaderDelegate from class [org.springframework.test.context.cache.DefaultCacheAwareContextLoaderDelegate]
16:34:09.913 [main] DEBUG org.springframework.test.context.BootstrapUtils - Instantiating BootstrapContext using constructor [public org.springframework.test.context.support.DefaultBootstrapContext(java.lang.Class,org.springframework.test.context.CacheAwareContextLoaderDelegate)]
16:34:09.926 [main] DEBUG org.springframework.test.context.BootstrapUtils - Instantiating TestContextBootstrapper for test class [com.cttic.service.CtticSpringboot2ApplicationTests] from class [org.springframework.boot.test.context.SpringBootTestContextBootstrapper]
16:34:09.938 [main] INFO org.springframework.boot.test.context.SpringBootTestContextBootstrapper - Neither @ContextConfiguration nor @ContextHierarchy found for test class [com.cttic.service.CtticSpringboot2ApplicationTests], using SpringBootContextLoader
16:34:09.941 [main] DEBUG org.springframework.test.context.support.AbstractContextLoader - Did not detect default resource location for test class [com.cttic.service.CtticSpringboot2ApplicationTests]: class path resource [com/cttic/service/CtticSpringboot2ApplicationTests-context.xml] does not exist
16:34:09.942 [main] DEBUG org.springframework.test.context.support.AbstractContextLoader - Did not detect default resource location for test class [com.cttic.service.CtticSpringboot2ApplicationTests]: class path resource [com/cttic/service/CtticSpringboot2ApplicationTestsContext.groovy] does not exist
16:34:09.942 [main] INFO org.springframework.test.context.support.AbstractContextLoader - Could not detect default resource locations for test class [com.cttic.service.CtticSpringboot2ApplicationTests]: no resource found for suffixes {-context.xml, Context.groovy}.
16:34:09.943 [main] INFO org.springframework.test.context.support.AnnotationConfigContextLoaderUtils - Could not detect default configuration classes for test class [com.cttic.service.CtticSpringboot2ApplicationTests]: CtticSpringboot2ApplicationTests does not declare any static, non-private, non-final, nested classes annotated with @Configuration.
16:34:09.976 [main] DEBUG org.springframework.test.context.support.ActiveProfilesUtils - Could not find an 'annotation declaring class' for annotation type [org.springframework.test.context.ActiveProfiles] and class [com.cttic.service.CtticSpringboot2ApplicationTests]
16:34:09.984 [main] DEBUG org.springframework.core.env.StandardEnvironment - Adding PropertySource 'systemProperties' with lowest search precedence
16:34:09.984 [main] DEBUG org.springframework.core.env.StandardEnvironment - Adding PropertySource 'systemEnvironment' with lowest search precedence
16:34:09.985 [main] DEBUG org.springframework.core.env.StandardEnvironment - Initialized StandardEnvironment with PropertySources [MapPropertySource@99451533 {name='systemProperties', properties={java.runtime.name=Java(TM) SE Runtime Environment, sun.boot.library.path=C:\Program Files\Java\jdk1.8.0_91\jre\bin, java.vm.version=25.91-b15, java.vm.vendor=Oracle Corporation, java.vendor.url=http://java.oracle.com/, path.separator=;, java.vm.name=Java HotSpot(TM) 64-Bit Server VM, file.encoding.pkg=sun.io, user.country=CN, user.script=, sun.java.launcher=SUN_STANDARD, sun.os.patch.level=, java.vm.specification.name=Java Virtual Machine Specification, user.dir=H:\springboot\cttic-springboot2, java.runtime.version=1.8.0_91-b15, basedir=H:\springboot\cttic-springboot2, java.awt.graphicsenv=sun.awt.Win32GraphicsEnvironment, java.endorsed.dirs=C:\Program Files\Java\jdk1.8.0_91\jre\lib\endorsed, os.arch=amd64, surefire.real.class.path=H:\springboot\cttic-springboot2\target\surefire\surefirebooter7640879805084847607.jar, java.io.tmpdir=C:\Users\SHANGY~1\AppData\Local\Temp\, line.separator=
, java.vm.specification.vendor=Oracle Corporation, user.variant=, os.name=Windows 10, sun.jnu.encoding=GBK, java.library.path=C:\Program Files\Java\jdk1.8.0_91\jre\bin;C:\WINDOWS\Sun\Java\bin;C:\WINDOWS\system32;C:\WINDOWS;C:\Program Files\Java\jdk1.8.0_91\bin;C:\Program Files\Java\jdk1.8.0_91\jre\bin;C:\Program Files (x86)\Common Files\Oracle\Java\javapath;C:\ProgramData\Oracle\Java\javapath;D:\app\shangyong\product\11.2.0\client_1\bin;C:\Program Files (x86)\Intel\iCLS Client\;C:\Program Files\Intel\iCLS Client\;C:\Windows\system32;C:\Windows;C:\Windows\System32\Wbem;C:\Windows\System32\WindowsPowerShell\v1.0\;C:\Program Files (x86)\Intel\Intel(R) Management Engine Components\DAL;C:\Program Files\Intel\Intel(R) Management Engine Components\DAL;C:\Program Files (x86)\Intel\Intel(R) Management Engine Components\IPT;C:\Program Files\Intel\Intel(R) Management Engine Components\IPT;C:\Program Files (x86)\NVIDIA Corporation\PhysX\Common;C:\apache-maven-3.5.0\bin;C:\Program Files (x86)\Brackets\command;C:\Program Files\Intel\WiFi\bin\;C:\Program Files\Common Files\Intel\WirelessCommon\;C:\Program Files\Git\cmd;C:\Program Files\TortoiseSVN\bin;C:\Program Files\nodejs\;C:\WINDOWS\system32;C:\WINDOWS;C:\WINDOWS\System32\Wbem;C:\WINDOWS\System32\WindowsPowerShell\v1.0\;D:\gradle-4.10.2\bin;C:\Program Files (x86)\Microsoft Visual Studio\Common\Tools\WinNT;C:\Program Files (x86)\Microsoft Visual Studio\Common\MSDev98\Bin;C:\Program Files (x86)\Microsoft Visual Studio\Common\Tools;C:\Program Files (x86)\Microsoft Visual Studio\VC98\bin;%USERPROFILE%\AppData\Local\Microsoft\WindowsApps;;C:\Program Files (x86)\SSH Communications Security\SSH Secure Shell;C:\Users\shangyong\AppData\Roaming\npm;., surefire.test.class.path=H:\springboot\cttic-springboot2\target\test-classes;H:\springboot\cttic-springboot2\target\classes;C:\repository\org\springframework\boot\spring-boot-starter\1.5.18.RELEASE\spring-boot-starter-1.5.18.RELEASE.jar;C:\repository\org\springframework\boot\spring-boot\1.5.18.RELEASE\spring-boot-1.5.18.RELEASE.jar;C:\repository\org\springframework\boot\spring-boot-autoconfigure\1.5.18.RELEASE\spring-boot-autoconfigure-1.5.18.RELEASE.jar;C:\repository\org\springframework\boot\spring-boot-starter-logging\1.5.18.RELEASE\spring-boot-starter-logging-1.5.18.RELEASE.jar;C:\repository\ch\qos\logback\logback-classic\1.1.11\logback-classic-1.1.11.jar;C:\repository\ch\qos\logback\logback-core\1.1.11\logback-core-1.1.11.jar;C:\repository\org\slf4j\jcl-over-slf4j\1.7.25\jcl-over-slf4j-1.7.25.jar;C:\repository\org\slf4j\jul-to-slf4j\1.7.25\jul-to-slf4j-1.7.25.jar;C:\repository\org\slf4j\log4j-over-slf4j\1.7.25\log4j-over-slf4j-1.7.25.jar;C:\repository\org\springframework\spring-core\4.3.21.RELEASE\spring-core-4.3.21.RELEASE.jar;C:\repository\org\yaml\snakeyaml\1.17\snakeyaml-1.17.jar;C:\repository\org\springframework\boot\spring-boot-starter-test\1.5.18.RELEASE\spring-boot-starter-test-1.5.18.RELEASE.jar;C:\repository\org\springframework\boot\spring-boot-test\1.5.18.RELEASE\spring-boot-test-1.5.18.RELEASE.jar;C:\repository\org\springframework\boot\spring-boot-test-autoconfigure\1.5.18.RELEASE\spring-boot-test-autoconfigure-1.5.18.RELEASE.jar;C:\repository\com\jayway\jsonpath\json-path\2.2.0\json-path-2.2.0.jar;C:\repository\net\minidev\json-smart\2.2.1\json-smart-2.2.1.jar;C:\repository\net\minidev\accessors-smart\1.1\accessors-smart-1.1.jar;C:\repository\org\ow2\asm\asm\5.0.3\asm-5.0.3.jar;C:\repository\org\slf4j\slf4j-api\1.7.25\slf4j-api-1.7.25.jar;C:\repository\junit\junit\4.12\junit-4.12.jar;C:\repository\org\assertj\assertj-core\2.6.0\assertj-core-2.6.0.jar;C:\repository\org\mockito\mockito-core\1.10.19\mockito-core-1.10.19.jar;C:\repository\org\objenesis\objenesis\2.1\objenesis-2.1.jar;C:\repository\org\hamcrest\hamcrest-core\1.3\hamcrest-core-1.3.jar;C:\repository\org\hamcrest\hamcrest-library\1.3\hamcrest-library-1.3.jar;C:\repository\org\skyscreamer\jsonassert\1.4.0\jsonassert-1.4.0.jar;C:\repository\com\vaadin\external\google\android-json\0.0.20131108.vaadin1\android-json-0.0.20131108.vaadin1.jar;C:\repository\org\springframework\spring-test\4.3.21.RELEASE\spring-test-4.3.21.RELEASE.jar;C:\repository\org\springframework\boot\spring-boot-starter-web\1.5.18.RELEASE\spring-boot-starter-web-1.5.18.RELEASE.jar;C:\repository\org\springframework\boot\spring-boot-starter-tomcat\1.5.18.RELEASE\spring-boot-starter-tomcat-1.5.18.RELEASE.jar;C:\repository\org\apache\tomcat\embed\tomcat-embed-core\8.5.35\tomcat-embed-core-8.5.35.jar;C:\repository\org\apache\tomcat\tomcat-annotations-api\8.5.35\tomcat-annotations-api-8.5.35.jar;C:\repository\org\apache\tomcat\embed\tomcat-embed-el\8.5.35\tomcat-embed-el-8.5.35.jar;C:\repository\org\apache\tomcat\embed\tomcat-embed-websocket\8.5.35\tomcat-embed-websocket-8.5.35.jar;C:\repository\org\hibernate\hibernate-validator\5.3.6.Final\hibernate-validator-5.3.6.Final.jar;C:\repository\javax\validation\validation-api\1.1.0.Final\validation-api-1.1.0.Final.jar;C:\repository\org\jboss\logging\jboss-logging\3.3.2.Final\jboss-logging-3.3.2.Final.jar;C:\repository\com\fasterxml\classmate\1.3.4\classmate-1.3.4.jar;C:\repository\com\fasterxml\jackson\core\jackson-databind\2.8.11.3\jackson-databind-2.8.11.3.jar;C:\repository\com\fasterxml\jackson\core\jackson-annotations\2.8.0\jackson-annotations-2.8.0.jar;C:\repository\com\fasterxml\jackson\core\jackson-core\2.8.11\jackson-core-2.8.11.jar;C:\repository\org\springframework\spring-web\4.3.21.RELEASE\spring-web-4.3.21.RELEASE.jar;C:\repository\org\springframework\spring-aop\4.3.21.RELEASE\spring-aop-4.3.21.RELEASE.jar;C:\repository\org\springframework\spring-beans\4.3.21.RELEASE\spring-beans-4.3.21.RELEASE.jar;C:\repository\org\springframework\spring-webmvc\4.3.21.RELEASE\spring-webmvc-4.3.21.RELEASE.jar;C:\repository\org\springframework\spring-expression\4.3.21.RELEASE\spring-expression-4.3.21.RELEASE.jar;C:\repository\org\springframework\boot\spring-boot-starter-jdbc\1.5.18.RELEASE\spring-boot-starter-jdbc-1.5.18.RELEASE.jar;C:\repository\org\apache\tomcat\tomcat-jdbc\8.5.35\tomcat-jdbc-8.5.35.jar;C:\repository\org\apache\tomcat\tomcat-juli\8.5.35\tomcat-juli-8.5.35.jar;C:\repository\org\springframework\spring-jdbc\4.3.21.RELEASE\spring-jdbc-4.3.21.RELEASE.jar;C:\repository\org\springframework\spring-tx\4.3.21.RELEASE\spring-tx-4.3.21.RELEASE.jar;C:\repository\mysql\mysql-connector-java\5.1.21\mysql-connector-java-5.1.21.jar;C:\repository\org\springframework\boot\spring-boot-starter-data-jpa\1.5.18.RELEASE\spring-boot-starter-data-jpa-1.5.18.RELEASE.jar;C:\repository\org\springframework\boot\spring-boot-starter-aop\1.5.18.RELEASE\spring-boot-starter-aop-1.5.18.RELEASE.jar;C:\repository\org\aspectj\aspectjweaver\1.8.13\aspectjweaver-1.8.13.jar;C:\repository\org\hibernate\hibernate-core\5.0.12.Final\hibernate-core-5.0.12.Final.jar;C:\repository\org\hibernate\javax\persistence\hibernate-jpa-2.1-api\1.0.0.Final\hibernate-jpa-2.1-api-1.0.0.Final.jar;C:\repository\org\javassist\javassist\3.21.0-GA\javassist-3.21.0-GA.jar;C:\repository\antlr\antlr\2.7.7\antlr-2.7.7.jar;C:\repository\org\jboss\jandex\2.0.0.Final\jandex-2.0.0.Final.jar;C:\repository\dom4j\dom4j\1.6.1\dom4j-1.6.1.jar;C:\repository\org\hibernate\common\hibernate-commons-annotations\5.0.1.Final\hibernate-commons-annotations-5.0.1.Final.jar;C:\repository\org\hibernate\hibernate-entitymanager\5.0.12.Final\hibernate-entitymanager-5.0.12.Final.jar;C:\repository\javax\transaction\javax.transaction-api\1.2\javax.transaction-api-1.2.jar;C:\repository\org\springframework\data\spring-data-jpa\1.11.17.RELEASE\spring-data-jpa-1.11.17.RELEASE.jar;C:\repository\org\springframework\data\spring-data-commons\1.13.17.RELEASE\spring-data-commons-1.13.17.RELEASE.jar;C:\repository\org\springframework\spring-orm\4.3.21.RELEASE\spring-orm-4.3.21.RELEASE.jar;C:\repository\org\springframework\spring-aspects\4.3.21.RELEASE\spring-aspects-4.3.21.RELEASE.jar;C:\repository\org\springframework\boot\spring-boot-starter-cache\1.5.18.RELEASE\spring-boot-starter-cache-1.5.18.RELEASE.jar;C:\repository\org\springframework\spring-context\4.3.21.RELEASE\spring-context-4.3.21.RELEASE.jar;C:\repository\org\springframework\spring-context-support\4.3.21.RELEASE\spring-context-support-4.3.21.RELEASE.jar;C:\repository\org\springframework\boot\spring-boot-starter-redis\1.4.7.RELEASE\spring-boot-starter-redis-1.4.7.RELEASE.jar;C:\repository\org\springframework\data\spring-data-redis\1.8.17.RELEASE\spring-data-redis-1.8.17.RELEASE.jar;C:\repository\org\springframework\data\spring-data-keyvalue\1.2.17.RELEASE\spring-data-keyvalue-1.2.17.RELEASE.jar;C:\repository\org\springframework\spring-oxm\4.3.21.RELEASE\spring-oxm-4.3.21.RELEASE.jar;C:\repository\redis\clients\jedis\2.9.0\jedis-2.9.0.jar;C:\repository\org\apache\commons\commons-pool2\2.4.3\commons-pool2-2.4.3.jar;C:\repository\org\springframework\boot\spring-boot-starter-mail\1.5.18.RELEASE\spring-boot-starter-mail-1.5.18.RELEASE.jar;C:\repository\com\sun\mail\javax.mail\1.5.6\javax.mail-1.5.6.jar;C:\repository\javax\activation\activation\1.1\activation-1.1.jar;C:\repository\org\springframework\boot\spring-boot-starter-velocity\1.4.7.RELEASE\spring-boot-starter-velocity-1.4.7.RELEASE.jar;C:\repository\commons-beanutils\commons-beanutils\1.9.3\commons-beanutils-1.9.3.jar;C:\repository\commons-collections\commons-collections\3.2.2\commons-collections-3.2.2.jar;C:\repository\commons-digester\commons-digester\2.1\commons-digester-2.1.jar;C:\repository\org\apache\velocity\velocity\1.7\velocity-1.7.jar;C:\repository\commons-lang\commons-lang\2.4\commons-lang-2.4.jar;C:\repository\org\apache\velocity\velocity-tools\2.0\velocity-tools-2.0.jar;C:\repository\commons-chain\commons-chain\1.1\commons-chain-1.1.jar;C:\repository\commons-validator\commons-validator\1.3.1\commons-validator-1.3.1.jar;C:\repository\oro\oro\2.0.8\oro-2.0.8.jar;C:\repository\sslext\sslext\1.2-0\sslext-1.2-0.jar;C:\repository\org\apache\struts\struts-core\1.3.8\struts-core-1.3.8.jar;C:\repository\org\apache\struts\struts-taglib\1.3.8\struts-taglib-1.3.8.jar;C:\repository\org\apache\struts\struts-tiles\1.3.8\struts-tiles-1.3.8.jar;, java.specification.name=Java Platform API Specification, java.class.version=52.0, sun.management.compiler=HotSpot 64-Bit Tiered Compilers, os.version=10.0, user.home=C:\Users\shangyong, user.timezone=Asia/Shanghai, java.awt.printerjob=sun.awt.windows.WPrinterJob, file.encoding=GBK, java.specification.version=1.8, java.class.path=H:\springboot\cttic-springboot2\target\test-classes;H:\springboot\cttic-springboot2\target\classes;C:\repository\org\springframework\boot\spring-boot-starter\1.5.18.RELEASE\spring-boot-starter-1.5.18.RELEASE.jar;C:\repository\org\springframework\boot\spring-boot\1.5.18.RELEASE\spring-boot-1.5.18.RELEASE.jar;C:\repository\org\springframework\boot\spring-boot-autoconfigure\1.5.18.RELEASE\spring-boot-autoconfigure-1.5.18.RELEASE.jar;C:\repository\org\springframework\boot\spring-boot-starter-logging\1.5.18.RELEASE\spring-boot-starter-logging-1.5.18.RELEASE.jar;C:\repository\ch\qos\logback\logback-classic\1.1.11\logback-classic-1.1.11.jar;C:\repository\ch\qos\logback\logback-core\1.1.11\logback-core-1.1.11.jar;C:\repository\org\slf4j\jcl-over-slf4j\1.7.25\jcl-over-slf4j-1.7.25.jar;C:\repository\org\slf4j\jul-to-slf4j\1.7.25\jul-to-slf4j-1.7.25.jar;C:\repository\org\slf4j\log4j-over-slf4j\1.7.25\log4j-over-slf4j-1.7.25.jar;C:\repository\org\springframework\spring-core\4.3.21.RELEASE\spring-core-4.3.21.RELEASE.jar;C:\repository\org\yaml\snakeyaml\1.17\snakeyaml-1.17.jar;C:\repository\org\springframework\boot\spring-boot-starter-test\1.5.18.RELEASE\spring-boot-starter-test-1.5.18.RELEASE.jar;C:\repository\org\springframework\boot\spring-boot-test\1.5.18.RELEASE\spring-boot-test-1.5.18.RELEASE.jar;C:\repository\org\springframework\boot\spring-boot-test-autoconfigure\1.5.18.RELEASE\spring-boot-test-autoconfigure-1.5.18.RELEASE.jar;C:\repository\com\jayway\jsonpath\json-path\2.2.0\json-path-2.2.0.jar;C:\repository\net\minidev\json-smart\2.2.1\json-smart-2.2.1.jar;C:\repository\net\minidev\accessors-smart\1.1\accessors-smart-1.1.jar;C:\repository\org\ow2\asm\asm\5.0.3\asm-5.0.3.jar;C:\repository\org\slf4j\slf4j-api\1.7.25\slf4j-api-1.7.25.jar;C:\repository\junit\junit\4.12\junit-4.12.jar;C:\repository\org\assertj\assertj-core\2.6.0\assertj-core-2.6.0.jar;C:\repository\org\mockito\mockito-core\1.10.19\mockito-core-1.10.19.jar;C:\repository\org\objenesis\objenesis\2.1\objenesis-2.1.jar;C:\repository\org\hamcrest\hamcrest-core\1.3\hamcrest-core-1.3.jar;C:\repository\org\hamcrest\hamcrest-library\1.3\hamcrest-library-1.3.jar;C:\repository\org\skyscreamer\jsonassert\1.4.0\jsonassert-1.4.0.jar;C:\repository\com\vaadin\external\google\android-json\0.0.20131108.vaadin1\android-json-0.0.20131108.vaadin1.jar;C:\repository\org\springframework\spring-test\4.3.21.RELEASE\spring-test-4.3.21.RELEASE.jar;C:\repository\org\springframework\boot\spring-boot-starter-web\1.5.18.RELEASE\spring-boot-starter-web-1.5.18.RELEASE.jar;C:\repository\org\springframework\boot\spring-boot-starter-tomcat\1.5.18.RELEASE\spring-boot-starter-tomcat-1.5.18.RELEASE.jar;C:\repository\org\apache\tomcat\embed\tomcat-embed-core\8.5.35\tomcat-embed-core-8.5.35.jar;C:\repository\org\apache\tomcat\tomcat-annotations-api\8.5.35\tomcat-annotations-api-8.5.35.jar;C:\repository\org\apache\tomcat\embed\tomcat-embed-el\8.5.35\tomcat-embed-el-8.5.35.jar;C:\repository\org\apache\tomcat\embed\tomcat-embed-websocket\8.5.35\tomcat-embed-websocket-8.5.35.jar;C:\repository\org\hibernate\hibernate-validator\5.3.6.Final\hibernate-validator-5.3.6.Final.jar;C:\repository\javax\validation\validation-api\1.1.0.Final\validation-api-1.1.0.Final.jar;C:\repository\org\jboss\logging\jboss-logging\3.3.2.Final\jboss-logging-3.3.2.Final.jar;C:\repository\com\fasterxml\classmate\1.3.4\classmate-1.3.4.jar;C:\repository\com\fasterxml\jackson\core\jackson-databind\2.8.11.3\jackson-databind-2.8.11.3.jar;C:\repository\com\fasterxml\jackson\core\jackson-annotations\2.8.0\jackson-annotations-2.8.0.jar;C:\repository\com\fasterxml\jackson\core\jackson-core\2.8.11\jackson-core-2.8.11.jar;C:\repository\org\springframework\spring-web\4.3.21.RELEASE\spring-web-4.3.21.RELEASE.jar;C:\repository\org\springframework\spring-aop\4.3.21.RELEASE\spring-aop-4.3.21.RELEASE.jar;C:\repository\org\springframework\spring-beans\4.3.21.RELEASE\spring-beans-4.3.21.RELEASE.jar;C:\repository\org\springframework\spring-webmvc\4.3.21.RELEASE\spring-webmvc-4.3.21.RELEASE.jar;C:\repository\org\springframework\spring-expression\4.3.21.RELEASE\spring-expression-4.3.21.RELEASE.jar;C:\repository\org\springframework\boot\spring-boot-starter-jdbc\1.5.18.RELEASE\spring-boot-starter-jdbc-1.5.18.RELEASE.jar;C:\repository\org\apache\tomcat\tomcat-jdbc\8.5.35\tomcat-jdbc-8.5.35.jar;C:\repository\org\apache\tomcat\tomcat-juli\8.5.35\tomcat-juli-8.5.35.jar;C:\repository\org\springframework\spring-jdbc\4.3.21.RELEASE\spring-jdbc-4.3.21.RELEASE.jar;C:\repository\org\springframework\spring-tx\4.3.21.RELEASE\spring-tx-4.3.21.RELEASE.jar;C:\repository\mysql\mysql-connector-java\5.1.21\mysql-connector-java-5.1.21.jar;C:\repository\org\springframework\boot\spring-boot-starter-data-jpa\1.5.18.RELEASE\spring-boot-starter-data-jpa-1.5.18.RELEASE.jar;C:\repository\org\springframework\boot\spring-boot-starter-aop\1.5.18.RELEASE\spring-boot-starter-aop-1.5.18.RELEASE.jar;C:\repository\org\aspectj\aspectjweaver\1.8.13\aspectjweaver-1.8.13.jar;C:\repository\org\hibernate\hibernate-core\5.0.12.Final\hibernate-core-5.0.12.Final.jar;C:\repository\org\hibernate\javax\persistence\hibernate-jpa-2.1-api\1.0.0.Final\hibernate-jpa-2.1-api-1.0.0.Final.jar;C:\repository\org\javassist\javassist\3.21.0-GA\javassist-3.21.0-GA.jar;C:\repository\antlr\antlr\2.7.7\antlr-2.7.7.jar;C:\repository\org\jboss\jandex\2.0.0.Final\jandex-2.0.0.Final.jar;C:\repository\dom4j\dom4j\1.6.1\dom4j-1.6.1.jar;C:\repository\org\hibernate\common\hibernate-commons-annotations\5.0.1.Final\hibernate-commons-annotations-5.0.1.Final.jar;C:\repository\org\hibernate\hibernate-entitymanager\5.0.12.Final\hibernate-entitymanager-5.0.12.Final.jar;C:\repository\javax\transaction\javax.transaction-api\1.2\javax.transaction-api-1.2.jar;C:\repository\org\springframework\data\spring-data-jpa\1.11.17.RELEASE\spring-data-jpa-1.11.17.RELEASE.jar;C:\repository\org\springframework\data\spring-data-commons\1.13.17.RELEASE\spring-data-commons-1.13.17.RELEASE.jar;C:\repository\org\springframework\spring-orm\4.3.21.RELEASE\spring-orm-4.3.21.RELEASE.jar;C:\repository\org\springframework\spring-aspects\4.3.21.RELEASE\spring-aspects-4.3.21.RELEASE.jar;C:\repository\org\springframework\boot\spring-boot-starter-cache\1.5.18.RELEASE\spring-boot-starter-cache-1.5.18.RELEASE.jar;C:\repository\org\springframework\spring-context\4.3.21.RELEASE\spring-context-4.3.21.RELEASE.jar;C:\repository\org\springframework\spring-context-support\4.3.21.RELEASE\spring-context-support-4.3.21.RELEASE.jar;C:\repository\org\springframework\boot\spring-boot-starter-redis\1.4.7.RELEASE\spring-boot-starter-redis-1.4.7.RELEASE.jar;C:\repository\org\springframework\data\spring-data-redis\1.8.17.RELEASE\spring-data-redis-1.8.17.RELEASE.jar;C:\repository\org\springframework\data\spring-data-keyvalue\1.2.17.RELEASE\spring-data-keyvalue-1.2.17.RELEASE.jar;C:\repository\org\springframework\spring-oxm\4.3.21.RELEASE\spring-oxm-4.3.21.RELEASE.jar;C:\repository\redis\clients\jedis\2.9.0\jedis-2.9.0.jar;C:\repository\org\apache\commons\commons-pool2\2.4.3\commons-pool2-2.4.3.jar;C:\repository\org\springframework\boot\spring-boot-starter-mail\1.5.18.RELEASE\spring-boot-starter-mail-1.5.18.RELEASE.jar;C:\repository\com\sun\mail\javax.mail\1.5.6\javax.mail-1.5.6.jar;C:\repository\javax\activation\activation\1.1\activation-1.1.jar;C:\repository\org\springframework\boot\spring-boot-starter-velocity\1.4.7.RELEASE\spring-boot-starter-velocity-1.4.7.RELEASE.jar;C:\repository\commons-beanutils\commons-beanutils\1.9.3\commons-beanutils-1.9.3.jar;C:\repository\commons-collections\commons-collections\3.2.2\commons-collections-3.2.2.jar;C:\repository\commons-digester\commons-digester\2.1\commons-digester-2.1.jar;C:\repository\org\apache\velocity\velocity\1.7\velocity-1.7.jar;C:\repository\commons-lang\commons-lang\2.4\commons-lang-2.4.jar;C:\repository\org\apache\velocity\velocity-tools\2.0\velocity-tools-2.0.jar;C:\repository\commons-chain\commons-chain\1.1\commons-chain-1.1.jar;C:\repository\commons-validator\commons-validator\1.3.1\commons-validator-1.3.1.jar;C:\repository\oro\oro\2.0.8\oro-2.0.8.jar;C:\repository\sslext\sslext\1.2-0\sslext-1.2-0.jar;C:\repository\org\apache\struts\struts-core\1.3.8\struts-core-1.3.8.jar;C:\repository\org\apache\struts\struts-taglib\1.3.8\struts-taglib-1.3.8.jar;C:\repository\org\apache\struts\struts-tiles\1.3.8\struts-tiles-1.3.8.jar;, user.name=shangyong, java.vm.specification.version=1.8, sun.java.command=H:\springboot\cttic-springboot2\target\surefire\surefirebooter7640879805084847607.jar H:\springboot\cttic-springboot2\target\surefire\surefire7972889902456853155tmp H:\springboot\cttic-springboot2\target\surefire\surefire_05005104844150395935tmp, java.home=C:\Program Files\Java\jdk1.8.0_91\jre, sun.arch.data.model=64, user.language=zh, java.specification.vendor=Oracle Corporation, awt.toolkit=sun.awt.windows.WToolkit, java.vm.info=mixed mode, java.version=1.8.0_91, java.ext.dirs=C:\Program Files\Java\jdk1.8.0_91\jre\lib\ext;C:\WINDOWS\Sun\Java\lib\ext, sun.boot.class.path=C:\Program Files\Java\jdk1.8.0_91\jre\lib\resources.jar;C:\Program Files\Java\jdk1.8.0_91\jre\lib\rt.jar;C:\Program Files\Java\jdk1.8.0_91\jre\lib\sunrsasign.jar;C:\Program Files\Java\jdk1.8.0_91\jre\lib\jsse.jar;C:\Program Files\Java\jdk1.8.0_91\jre\lib\jce.jar;C:\Program Files\Java\jdk1.8.0_91\jre\lib\charsets.jar;C:\Program Files\Java\jdk1.8.0_91\jre\lib\jfr.jar;C:\Program Files\Java\jdk1.8.0_91\jre\classes, java.vendor=Oracle Corporation, localRepository=C:\repository, file.separator=\, java.vendor.url.bug=http://bugreport.sun.com/bugreport/, sun.io.unicode.encoding=UnicodeLittle, sun.cpu.endian=little, sun.desktop=windows, sun.cpu.isalist=amd64}}, SystemEnvironmentPropertySource@84739718 {name='systemEnvironment', properties={PATH=C:\Program Files\Java\jdk1.8.0_91\bin;C:\Program Files\Java\jdk1.8.0_91\jre\bin;C:\Program Files (x86)\Common Files\Oracle\Java\javapath;C:\ProgramData\Oracle\Java\javapath;D:\app\shangyong\product\11.2.0\client_1\bin;C:\Program Files (x86)\Intel\iCLS Client\;C:\Program Files\Intel\iCLS Client\;C:\Windows\system32;C:\Windows;C:\Windows\System32\Wbem;C:\Windows\System32\WindowsPowerShell\v1.0\;C:\Program Files (x86)\Intel\Intel(R) Management Engine Components\DAL;C:\Program Files\Intel\Intel(R) Management Engine Components\DAL;C:\Program Files (x86)\Intel\Intel(R) Management Engine Components\IPT;C:\Program Files\Intel\Intel(R) Management Engine Components\IPT;C:\Program Files (x86)\NVIDIA Corporation\PhysX\Common;C:\apache-maven-3.5.0\bin;C:\Program Files (x86)\Brackets\command;C:\Program Files\Intel\WiFi\bin\;C:\Program Files\Common Files\Intel\WirelessCommon\;C:\Program Files\Git\cmd;C:\Program Files\TortoiseSVN\bin;C:\Program Files\nodejs\;C:\WINDOWS\system32;C:\WINDOWS;C:\WINDOWS\System32\Wbem;C:\WINDOWS\System32\WindowsPowerShell\v1.0\;D:\gradle-4.10.2\bin;C:\Program Files (x86)\Microsoft Visual Studio\Common\Tools\WinNT;C:\Program Files (x86)\Microsoft Visual Studio\Common\MSDev98\Bin;C:\Program Files (x86)\Microsoft Visual Studio\Common\Tools;C:\Program Files (x86)\Microsoft Visual Studio\VC98\bin;%USERPROFILE%\AppData\Local\Microsoft\WindowsApps;;C:\Program Files (x86)\SSH Communications Security\SSH Secure Shell;C:\Users\shangyong\AppData\Roaming\npm, USERDOMAIN_ROAMINGPROFILE=LAPTOP-C1PET2T4, PROCESSOR_LEVEL=6, SYSTEMDRIVE=C:, SESSIONNAME=Console, ALLUSERSPROFILE=C:\ProgramData, PROCESSOR_ARCHITECTURE=AMD64, PROGRAMFILES=C:\Program Files, PSMODULEPATH=C:\Program Files\WindowsPowerShell\Modules;C:\WINDOWS\system32\WindowsPowerShell\v1.0\Modules, PROGRAMDATA=C:\ProgramData, USERNAME=shangyong, #ENVTSLOGSHELLEXT8084=107720080, INCLUDE=C:\Program Files (x86)\Microsoft Visual Studio\VC98\atl\include;C:\Program Files (x86)\Microsoft Visual Studio\VC98\mfc\include;C:\Program Files (x86)\Microsoft Visual Studio\VC98\include, AWE_DIR=C:\Program Files (x86)\Khrona LLC\Awesomium SDK\1.6.6\, FPS_BROWSER_USER_PROFILE_STRING=Default, ONEDRIVE=C:\Users\shangyong\OneDrive, CONFIGSETROOT=C:\WINDOWS\ConfigSetRoot, MSDEVDIR=C:\Program Files (x86)\Microsoft Visual Studio\Common\MSDev98, PATHEXT=.COM;.EXE;.BAT;.CMD;.VBS;.VBE;.JS;.JSE;.WSF;.WSH;.MSC, WINDIR=C:\WINDOWS, HOMEPATH=\Users\shangyong, PROCESSOR_IDENTIFIER=Intel64 Family 6 Model 94 Stepping 3, GenuineIntel, M2_HOME=C:\apache-maven-3.5.0, PUBLIC=C:\Users\Public, =::=::\, GEOSERVER_DATA_DIR=C:\Program Files (x86)\GeoServer 2.10.2\data_dir, LOCALAPPDATA=C:\Users\shangyong\AppData\Local, COMMONPROGRAMFILES(X86)=C:\Program Files (x86)\Common Files, USERDOMAIN=LAPTOP-C1PET2T4, FPS_BROWSER_APP_PROFILE_STRING=Internet Explorer, LOGONSERVER=\\LAPTOP-C1PET2T4, JAVA_HOME=C:\Program Files\Java\jdk1.8.0_91, PROMPT=$P$G, PROGRAMFILES(X86)=C:\Program Files (x86), GRADLE_HOME=D:\gradle-4.10.2, APPDATA=C:\Users\shangyong\AppData\Roaming, PROGRAMW6432=C:\Program Files, SYSTEMROOT=C:\WINDOWS, LIB=C:\Program Files (x86)\Microsoft Visual Studio\VC98\mfc\lib;C:\Program Files (x86)\Microsoft Visual Studio\VC98\lib, OS=Windows_NT, COMMONPROGRAMW6432=C:\Program Files\Common Files, COMPUTERNAME=LAPTOP-C1PET2T4, COMMONPROGRAMFILES=C:\Program Files\Common Files, COMSPEC=C:\WINDOWS\system32\cmd.exe, PROCESSOR_REVISION=5e03, CLASSPATH=.;C:\Program Files\Java\jdk1.8.0_91\lib\dt.jar;C:\Program Files\Java\jdk1.8.0_91\lib\tools.jar;C:\repository\mysql\mysql-connector-java\5.1.29\mysql-connector-java-5.1.29.jar;, =H:=H:\springboot\cttic-springboot2, TEMP=C:\Users\SHANGY~1\AppData\Local\Temp, HOMEDRIVE=C:, USERPROFILE=C:\Users\shangyong, TMP=C:\Users\SHANGY~1\AppData\Local\Temp, NUMBER_OF_PROCESSORS=8}}]
16:34:09.997 [main] DEBUG org.springframework.core.io.support.PathMatchingResourcePatternResolver - Resolved classpath location [com/cttic/service/] to resources [URL [file:/H:/springboot/cttic-springboot2/target/test-classes/com/cttic/service/], URL [file:/H:/springboot/cttic-springboot2/target/classes/com/cttic/service/]]
16:34:09.997 [main] DEBUG org.springframework.core.io.support.PathMatchingResourcePatternResolver - Looking for matching resources in directory tree [H:\springboot\cttic-springboot2\target\test-classes\com\cttic\service]
16:34:09.998 [main] DEBUG org.springframework.core.io.support.PathMatchingResourcePatternResolver - Searching directory [H:\springboot\cttic-springboot2\target\test-classes\com\cttic\service] for files matching pattern [H:/springboot/cttic-springboot2/target/test-classes/com/cttic/service/*.class]
16:34:10.001 [main] DEBUG org.springframework.core.io.support.PathMatchingResourcePatternResolver - Looking for matching resources in directory tree [H:\springboot\cttic-springboot2\target\classes\com\cttic\service]
16:34:10.001 [main] DEBUG org.springframework.core.io.support.PathMatchingResourcePatternResolver - Searching directory [H:\springboot\cttic-springboot2\target\classes\com\cttic\service] for files matching pattern [H:/springboot/cttic-springboot2/target/classes/com/cttic/service/*.class]
16:34:10.002 [main] DEBUG org.springframework.core.io.support.PathMatchingResourcePatternResolver - Resolved location pattern [classpath*:com/cttic/service/*.class] to resources [file [H:\springboot\cttic-springboot2\target\test-classes\com\cttic\service\CtticSpringboot2ApplicationTests.class], file [H:\springboot\cttic-springboot2\target\classes\com\cttic\service\CtticSpringboot2Application.class]]
16:34:10.052 [main] DEBUG org.springframework.context.annotation.ClassPathScanningCandidateComponentProvider - Identified candidate component class: file [H:\springboot\cttic-springboot2\target\classes\com\cttic\service\CtticSpringboot2Application.class]
16:34:10.053 [main] INFO org.springframework.boot.test.context.SpringBootTestContextBootstrapper - Found @SpringBootConfiguration com.cttic.service.CtticSpringboot2Application for test class com.cttic.service.CtticSpringboot2ApplicationTests
16:34:10.060 [main] DEBUG org.springframework.boot.test.context.SpringBootTestContextBootstrapper - @TestExecutionListeners is not present for class [com.cttic.service.CtticSpringboot2ApplicationTests]: using defaults.
16:34:10.066 [main] INFO org.springframework.boot.test.context.SpringBootTestContextBootstrapper - Loaded default TestExecutionListener class names from location [META-INF/spring.factories]: [org.springframework.boot.test.mock.mockito.MockitoTestExecutionListener, org.springframework.boot.test.mock.mockito.ResetMocksTestExecutionListener, org.springframework.boot.test.autoconfigure.restdocs.RestDocsTestExecutionListener, org.springframework.boot.test.autoconfigure.web.client.MockRestServiceServerResetTestExecutionListener, org.springframework.boot.test.autoconfigure.web.servlet.MockMvcPrintOnlyOnFailureTestExecutionListener, org.springframework.boot.test.autoconfigure.web.servlet.WebDriverTestExecutionListener, org.springframework.test.context.web.ServletTestExecutionListener, org.springframework.test.context.support.DirtiesContextBeforeModesTestExecutionListener, org.springframework.test.context.support.DependencyInjectionTestExecutionListener, org.springframework.test.context.support.DirtiesContextTestExecutionListener, org.springframework.test.context.transaction.TransactionalTestExecutionListener, org.springframework.test.context.jdbc.SqlScriptsTestExecutionListener]
16:34:10.091 [main] INFO org.springframework.boot.test.context.SpringBootTestContextBootstrapper - Using TestExecutionListeners: [org.springframework.test.context.web.ServletTestExecutionListener@4c6e276e, org.springframework.test.context.support.DirtiesContextBeforeModesTestExecutionListener@534df152, org.springframework.boot.test.mock.mockito.MockitoTestExecutionListener@52e677af, org.springframework.boot.test.autoconfigure.SpringBootDependencyInjectionTestExecutionListener@35083305, org.springframework.test.context.support.DirtiesContextTestExecutionListener@8e0379d, org.springframework.test.context.transaction.TransactionalTestExecutionListener@341b80b2, org.springframework.test.context.jdbc.SqlScriptsTestExecutionListener@55a1c291, org.springframework.boot.test.mock.mockito.ResetMocksTestExecutionListener@2145433b, org.springframework.boot.test.autoconfigure.restdocs.RestDocsTestExecutionListener@2890c451, org.springframework.boot.test.autoconfigure.web.client.MockRestServiceServerResetTestExecutionListener@40e6dfe1, org.springframework.boot.test.autoconfigure.web.servlet.MockMvcPrintOnlyOnFailureTestExecutionListener@1b083826, org.springframework.boot.test.autoconfigure.web.servlet.WebDriverTestExecutionListener@105fece7]
16:34:10.094 [main] DEBUG org.springframework.test.annotation.ProfileValueUtils - Retrieved @ProfileValueSourceConfiguration [null] for test class [com.cttic.service.CtticSpringboot2ApplicationTests]
16:34:10.095 [main] DEBUG org.springframework.test.annotation.ProfileValueUtils - Retrieved ProfileValueSource type [class org.springframework.test.annotation.SystemProfileValueSource] for class [com.cttic.service.CtticSpringboot2ApplicationTests]
16:34:10.097 [main] DEBUG org.springframework.test.context.junit4.SpringJUnit4ClassRunner - SpringJUnit4ClassRunner constructor called with [class com.cttic.service.CtticSpringboot2ApplicationTests]
16:34:10.097 [main] DEBUG org.springframework.test.context.BootstrapUtils - Instantiating CacheAwareContextLoaderDelegate from class [org.springframework.test.context.cache.DefaultCacheAwareContextLoaderDelegate]
16:34:10.098 [main] DEBUG org.springframework.test.context.BootstrapUtils - Instantiating BootstrapContext using constructor [public org.springframework.test.context.support.DefaultBootstrapContext(java.lang.Class,org.springframework.test.context.CacheAwareContextLoaderDelegate)]
16:34:10.098 [main] DEBUG org.springframework.test.context.BootstrapUtils - Instantiating TestContextBootstrapper for test class [com.cttic.service.CtticSpringboot2ApplicationTests] from class [org.springframework.boot.test.context.SpringBootTestContextBootstrapper]
16:34:10.098 [main] INFO org.springframework.boot.test.context.SpringBootTestContextBootstrapper - Neither @ContextConfiguration nor @ContextHierarchy found for test class [com.cttic.service.CtticSpringboot2ApplicationTests], using SpringBootContextLoader
16:34:10.099 [main] DEBUG org.springframework.test.context.support.AbstractContextLoader - Did not detect default resource location for test class [com.cttic.service.CtticSpringboot2ApplicationTests]: class path resource [com/cttic/service/CtticSpringboot2ApplicationTests-context.xml] does not exist
16:34:10.100 [main] DEBUG org.springframework.test.context.support.AbstractContextLoader - Did not detect default resource location for test class [com.cttic.service.CtticSpringboot2ApplicationTests]: class path resource [com/cttic/service/CtticSpringboot2ApplicationTestsContext.groovy] does not exist
16:34:10.100 [main] INFO org.springframework.test.context.support.AbstractContextLoader - Could not detect default resource locations for test class [com.cttic.service.CtticSpringboot2ApplicationTests]: no resource found for suffixes {-context.xml, Context.groovy}.
16:34:10.100 [main] INFO org.springframework.test.context.support.AnnotationConfigContextLoaderUtils - Could not detect default configuration classes for test class [com.cttic.service.CtticSpringboot2ApplicationTests]: CtticSpringboot2ApplicationTests does not declare any static, non-private, non-final, nested classes annotated with @Configuration.
16:34:10.106 [main] DEBUG org.springframework.test.context.support.ActiveProfilesUtils - Could not find an 'annotation declaring class' for annotation type [org.springframework.test.context.ActiveProfiles] and class [com.cttic.service.CtticSpringboot2ApplicationTests]
16:34:10.106 [main] DEBUG org.springframework.core.env.StandardEnvironment - Adding PropertySource 'systemProperties' with lowest search precedence
16:34:10.106 [main] DEBUG org.springframework.core.env.StandardEnvironment - Adding PropertySource 'systemEnvironment' with lowest search precedence
16:34:10.106 [main] DEBUG org.springframework.core.env.StandardEnvironment - Initialized StandardEnvironment with PropertySources [MapPropertySource@558922244 {name='systemProperties', properties={java.runtime.name=Java(TM) SE Runtime Environment, sun.boot.library.path=C:\Program Files\Java\jdk1.8.0_91\jre\bin, java.vm.version=25.91-b15, java.vm.vendor=Oracle Corporation, java.vendor.url=http://java.oracle.com/, path.separator=;, java.vm.name=Java HotSpot(TM) 64-Bit Server VM, file.encoding.pkg=sun.io, user.country=CN, user.script=, sun.java.launcher=SUN_STANDARD, sun.os.patch.level=, java.vm.specification.name=Java Virtual Machine Specification, user.dir=H:\springboot\cttic-springboot2, java.runtime.version=1.8.0_91-b15, basedir=H:\springboot\cttic-springboot2, java.awt.graphicsenv=sun.awt.Win32GraphicsEnvironment, java.endorsed.dirs=C:\Program Files\Java\jdk1.8.0_91\jre\lib\endorsed, os.arch=amd64, surefire.real.class.path=H:\springboot\cttic-springboot2\target\surefire\surefirebooter7640879805084847607.jar, java.io.tmpdir=C:\Users\SHANGY~1\AppData\Local\Temp\, line.separator=
, java.vm.specification.vendor=Oracle Corporation, user.variant=, os.name=Windows 10, sun.jnu.encoding=GBK, java.library.path=C:\Program Files\Java\jdk1.8.0_91\jre\bin;C:\WINDOWS\Sun\Java\bin;C:\WINDOWS\system32;C:\WINDOWS;C:\Program Files\Java\jdk1.8.0_91\bin;C:\Program Files\Java\jdk1.8.0_91\jre\bin;C:\Program Files (x86)\Common Files\Oracle\Java\javapath;C:\ProgramData\Oracle\Java\javapath;D:\app\shangyong\product\11.2.0\client_1\bin;C:\Program Files (x86)\Intel\iCLS Client\;C:\Program Files\Intel\iCLS Client\;C:\Windows\system32;C:\Windows;C:\Windows\System32\Wbem;C:\Windows\System32\WindowsPowerShell\v1.0\;C:\Program Files (x86)\Intel\Intel(R) Management Engine Components\DAL;C:\Program Files\Intel\Intel(R) Management Engine Components\DAL;C:\Program Files (x86)\Intel\Intel(R) Management Engine Components\IPT;C:\Program Files\Intel\Intel(R) Management Engine Components\IPT;C:\Program Files (x86)\NVIDIA Corporation\PhysX\Common;C:\apache-maven-3.5.0\bin;C:\Program Files (x86)\Brackets\command;C:\Program Files\Intel\WiFi\bin\;C:\Program Files\Common Files\Intel\WirelessCommon\;C:\Program Files\Git\cmd;C:\Program Files\TortoiseSVN\bin;C:\Program Files\nodejs\;C:\WINDOWS\system32;C:\WINDOWS;C:\WINDOWS\System32\Wbem;C:\WINDOWS\System32\WindowsPowerShell\v1.0\;D:\gradle-4.10.2\bin;C:\Program Files (x86)\Microsoft Visual Studio\Common\Tools\WinNT;C:\Program Files (x86)\Microsoft Visual Studio\Common\MSDev98\Bin;C:\Program Files (x86)\Microsoft Visual Studio\Common\Tools;C:\Program Files (x86)\Microsoft Visual Studio\VC98\bin;%USERPROFILE%\AppData\Local\Microsoft\WindowsApps;;C:\Program Files (x86)\SSH Communications Security\SSH Secure Shell;C:\Users\shangyong\AppData\Roaming\npm;., surefire.test.class.path=H:\springboot\cttic-springboot2\target\test-classes;H:\springboot\cttic-springboot2\target\classes;C:\repository\org\springframework\boot\spring-boot-starter\1.5.18.RELEASE\spring-boot-starter-1.5.18.RELEASE.jar;C:\repository\org\springframework\boot\spring-boot\1.5.18.RELEASE\spring-boot-1.5.18.RELEASE.jar;C:\repository\org\springframework\boot\spring-boot-autoconfigure\1.5.18.RELEASE\spring-boot-autoconfigure-1.5.18.RELEASE.jar;C:\repository\org\springframework\boot\spring-boot-starter-logging\1.5.18.RELEASE\spring-boot-starter-logging-1.5.18.RELEASE.jar;C:\repository\ch\qos\logback\logback-classic\1.1.11\logback-classic-1.1.11.jar;C:\repository\ch\qos\logback\logback-core\1.1.11\logback-core-1.1.11.jar;C:\repository\org\slf4j\jcl-over-slf4j\1.7.25\jcl-over-slf4j-1.7.25.jar;C:\repository\org\slf4j\jul-to-slf4j\1.7.25\jul-to-slf4j-1.7.25.jar;C:\repository\org\slf4j\log4j-over-slf4j\1.7.25\log4j-over-slf4j-1.7.25.jar;C:\repository\org\springframework\spring-core\4.3.21.RELEASE\spring-core-4.3.21.RELEASE.jar;C:\repository\org\yaml\snakeyaml\1.17\snakeyaml-1.17.jar;C:\repository\org\springframework\boot\spring-boot-starter-test\1.5.18.RELEASE\spring-boot-starter-test-1.5.18.RELEASE.jar;C:\repository\org\springframework\boot\spring-boot-test\1.5.18.RELEASE\spring-boot-test-1.5.18.RELEASE.jar;C:\repository\org\springframework\boot\spring-boot-test-autoconfigure\1.5.18.RELEASE\spring-boot-test-autoconfigure-1.5.18.RELEASE.jar;C:\repository\com\jayway\jsonpath\json-path\2.2.0\json-path-2.2.0.jar;C:\repository\net\minidev\json-smart\2.2.1\json-smart-2.2.1.jar;C:\repository\net\minidev\accessors-smart\1.1\accessors-smart-1.1.jar;C:\repository\org\ow2\asm\asm\5.0.3\asm-5.0.3.jar;C:\repository\org\slf4j\slf4j-api\1.7.25\slf4j-api-1.7.25.jar;C:\repository\junit\junit\4.12\junit-4.12.jar;C:\repository\org\assertj\assertj-core\2.6.0\assertj-core-2.6.0.jar;C:\repository\org\mockito\mockito-core\1.10.19\mockito-core-1.10.19.jar;C:\repository\org\objenesis\objenesis\2.1\objenesis-2.1.jar;C:\repository\org\hamcrest\hamcrest-core\1.3\hamcrest-core-1.3.jar;C:\repository\org\hamcrest\hamcrest-library\1.3\hamcrest-library-1.3.jar;C:\repository\org\skyscreamer\jsonassert\1.4.0\jsonassert-1.4.0.jar;C:\repository\com\vaadin\external\google\android-json\0.0.20131108.vaadin1\android-json-0.0.20131108.vaadin1.jar;C:\repository\org\springframework\spring-test\4.3.21.RELEASE\spring-test-4.3.21.RELEASE.jar;C:\repository\org\springframework\boot\spring-boot-starter-web\1.5.18.RELEASE\spring-boot-starter-web-1.5.18.RELEASE.jar;C:\repository\org\springframework\boot\spring-boot-starter-tomcat\1.5.18.RELEASE\spring-boot-starter-tomcat-1.5.18.RELEASE.jar;C:\repository\org\apache\tomcat\embed\tomcat-embed-core\8.5.35\tomcat-embed-core-8.5.35.jar;C:\repository\org\apache\tomcat\tomcat-annotations-api\8.5.35\tomcat-annotations-api-8.5.35.jar;C:\repository\org\apache\tomcat\embed\tomcat-embed-el\8.5.35\tomcat-embed-el-8.5.35.jar;C:\repository\org\apache\tomcat\embed\tomcat-embed-websocket\8.5.35\tomcat-embed-websocket-8.5.35.jar;C:\repository\org\hibernate\hibernate-validator\5.3.6.Final\hibernate-validator-5.3.6.Final.jar;C:\repository\javax\validation\validation-api\1.1.0.Final\validation-api-1.1.0.Final.jar;C:\repository\org\jboss\logging\jboss-logging\3.3.2.Final\jboss-logging-3.3.2.Final.jar;C:\repository\com\fasterxml\classmate\1.3.4\classmate-1.3.4.jar;C:\repository\com\fasterxml\jackson\core\jackson-databind\2.8.11.3\jackson-databind-2.8.11.3.jar;C:\repository\com\fasterxml\jackson\core\jackson-annotations\2.8.0\jackson-annotations-2.8.0.jar;C:\repository\com\fasterxml\jackson\core\jackson-core\2.8.11\jackson-core-2.8.11.jar;C:\repository\org\springframework\spring-web\4.3.21.RELEASE\spring-web-4.3.21.RELEASE.jar;C:\repository\org\springframework\spring-aop\4.3.21.RELEASE\spring-aop-4.3.21.RELEASE.jar;C:\repository\org\springframework\spring-beans\4.3.21.RELEASE\spring-beans-4.3.21.RELEASE.jar;C:\repository\org\springframework\spring-webmvc\4.3.21.RELEASE\spring-webmvc-4.3.21.RELEASE.jar;C:\repository\org\springframework\spring-expression\4.3.21.RELEASE\spring-expression-4.3.21.RELEASE.jar;C:\repository\org\springframework\boot\spring-boot-starter-jdbc\1.5.18.RELEASE\spring-boot-starter-jdbc-1.5.18.RELEASE.jar;C:\repository\org\apache\tomcat\tomcat-jdbc\8.5.35\tomcat-jdbc-8.5.35.jar;C:\repository\org\apache\tomcat\tomcat-juli\8.5.35\tomcat-juli-8.5.35.jar;C:\repository\org\springframework\spring-jdbc\4.3.21.RELEASE\spring-jdbc-4.3.21.RELEASE.jar;C:\repository\org\springframework\spring-tx\4.3.21.RELEASE\spring-tx-4.3.21.RELEASE.jar;C:\repository\mysql\mysql-connector-java\5.1.21\mysql-connector-java-5.1.21.jar;C:\repository\org\springframework\boot\spring-boot-starter-data-jpa\1.5.18.RELEASE\spring-boot-starter-data-jpa-1.5.18.RELEASE.jar;C:\repository\org\springframework\boot\spring-boot-starter-aop\1.5.18.RELEASE\spring-boot-starter-aop-1.5.18.RELEASE.jar;C:\repository\org\aspectj\aspectjweaver\1.8.13\aspectjweaver-1.8.13.jar;C:\repository\org\hibernate\hibernate-core\5.0.12.Final\hibernate-core-5.0.12.Final.jar;C:\repository\org\hibernate\javax\persistence\hibernate-jpa-2.1-api\1.0.0.Final\hibernate-jpa-2.1-api-1.0.0.Final.jar;C:\repository\org\javassist\javassist\3.21.0-GA\javassist-3.21.0-GA.jar;C:\repository\antlr\antlr\2.7.7\antlr-2.7.7.jar;C:\repository\org\jboss\jandex\2.0.0.Final\jandex-2.0.0.Final.jar;C:\repository\dom4j\dom4j\1.6.1\dom4j-1.6.1.jar;C:\repository\org\hibernate\common\hibernate-commons-annotations\5.0.1.Final\hibernate-commons-annotations-5.0.1.Final.jar;C:\repository\org\hibernate\hibernate-entitymanager\5.0.12.Final\hibernate-entitymanager-5.0.12.Final.jar;C:\repository\javax\transaction\javax.transaction-api\1.2\javax.transaction-api-1.2.jar;C:\repository\org\springframework\data\spring-data-jpa\1.11.17.RELEASE\spring-data-jpa-1.11.17.RELEASE.jar;C:\repository\org\springframework\data\spring-data-commons\1.13.17.RELEASE\spring-data-commons-1.13.17.RELEASE.jar;C:\repository\org\springframework\spring-orm\4.3.21.RELEASE\spring-orm-4.3.21.RELEASE.jar;C:\repository\org\springframework\spring-aspects\4.3.21.RELEASE\spring-aspects-4.3.21.RELEASE.jar;C:\repository\org\springframework\boot\spring-boot-starter-cache\1.5.18.RELEASE\spring-boot-starter-cache-1.5.18.RELEASE.jar;C:\repository\org\springframework\spring-context\4.3.21.RELEASE\spring-context-4.3.21.RELEASE.jar;C:\repository\org\springframework\spring-context-support\4.3.21.RELEASE\spring-context-support-4.3.21.RELEASE.jar;C:\repository\org\springframework\boot\spring-boot-starter-redis\1.4.7.RELEASE\spring-boot-starter-redis-1.4.7.RELEASE.jar;C:\repository\org\springframework\data\spring-data-redis\1.8.17.RELEASE\spring-data-redis-1.8.17.RELEASE.jar;C:\repository\org\springframework\data\spring-data-keyvalue\1.2.17.RELEASE\spring-data-keyvalue-1.2.17.RELEASE.jar;C:\repository\org\springframework\spring-oxm\4.3.21.RELEASE\spring-oxm-4.3.21.RELEASE.jar;C:\repository\redis\clients\jedis\2.9.0\jedis-2.9.0.jar;C:\repository\org\apache\commons\commons-pool2\2.4.3\commons-pool2-2.4.3.jar;C:\repository\org\springframework\boot\spring-boot-starter-mail\1.5.18.RELEASE\spring-boot-starter-mail-1.5.18.RELEASE.jar;C:\repository\com\sun\mail\javax.mail\1.5.6\javax.mail-1.5.6.jar;C:\repository\javax\activation\activation\1.1\activation-1.1.jar;C:\repository\org\springframework\boot\spring-boot-starter-velocity\1.4.7.RELEASE\spring-boot-starter-velocity-1.4.7.RELEASE.jar;C:\repository\commons-beanutils\commons-beanutils\1.9.3\commons-beanutils-1.9.3.jar;C:\repository\commons-collections\commons-collections\3.2.2\commons-collections-3.2.2.jar;C:\repository\commons-digester\commons-digester\2.1\commons-digester-2.1.jar;C:\repository\org\apache\velocity\velocity\1.7\velocity-1.7.jar;C:\repository\commons-lang\commons-lang\2.4\commons-lang-2.4.jar;C:\repository\org\apache\velocity\velocity-tools\2.0\velocity-tools-2.0.jar;C:\repository\commons-chain\commons-chain\1.1\commons-chain-1.1.jar;C:\repository\commons-validator\commons-validator\1.3.1\commons-validator-1.3.1.jar;C:\repository\oro\oro\2.0.8\oro-2.0.8.jar;C:\repository\sslext\sslext\1.2-0\sslext-1.2-0.jar;C:\repository\org\apache\struts\struts-core\1.3.8\struts-core-1.3.8.jar;C:\repository\org\apache\struts\struts-taglib\1.3.8\struts-taglib-1.3.8.jar;C:\repository\org\apache\struts\struts-tiles\1.3.8\struts-tiles-1.3.8.jar;, java.specification.name=Java Platform API Specification, java.class.version=52.0, sun.management.compiler=HotSpot 64-Bit Tiered Compilers, os.version=10.0, user.home=C:\Users\shangyong, user.timezone=Asia/Shanghai, java.awt.printerjob=sun.awt.windows.WPrinterJob, file.encoding=GBK, java.specification.version=1.8, java.class.path=H:\springboot\cttic-springboot2\target\test-classes;H:\springboot\cttic-springboot2\target\classes;C:\repository\org\springframework\boot\spring-boot-starter\1.5.18.RELEASE\spring-boot-starter-1.5.18.RELEASE.jar;C:\repository\org\springframework\boot\spring-boot\1.5.18.RELEASE\spring-boot-1.5.18.RELEASE.jar;C:\repository\org\springframework\boot\spring-boot-autoconfigure\1.5.18.RELEASE\spring-boot-autoconfigure-1.5.18.RELEASE.jar;C:\repository\org\springframework\boot\spring-boot-starter-logging\1.5.18.RELEASE\spring-boot-starter-logging-1.5.18.RELEASE.jar;C:\repository\ch\qos\logback\logback-classic\1.1.11\logback-classic-1.1.11.jar;C:\repository\ch\qos\logback\logback-core\1.1.11\logback-core-1.1.11.jar;C:\repository\org\slf4j\jcl-over-slf4j\1.7.25\jcl-over-slf4j-1.7.25.jar;C:\repository\org\slf4j\jul-to-slf4j\1.7.25\jul-to-slf4j-1.7.25.jar;C:\repository\org\slf4j\log4j-over-slf4j\1.7.25\log4j-over-slf4j-1.7.25.jar;C:\repository\org\springframework\spring-core\4.3.21.RELEASE\spring-core-4.3.21.RELEASE.jar;C:\repository\org\yaml\snakeyaml\1.17\snakeyaml-1.17.jar;C:\repository\org\springframework\boot\spring-boot-starter-test\1.5.18.RELEASE\spring-boot-starter-test-1.5.18.RELEASE.jar;C:\repository\org\springframework\boot\spring-boot-test\1.5.18.RELEASE\spring-boot-test-1.5.18.RELEASE.jar;C:\repository\org\springframework\boot\spring-boot-test-autoconfigure\1.5.18.RELEASE\spring-boot-test-autoconfigure-1.5.18.RELEASE.jar;C:\repository\com\jayway\jsonpath\json-path\2.2.0\json-path-2.2.0.jar;C:\repository\net\minidev\json-smart\2.2.1\json-smart-2.2.1.jar;C:\repository\net\minidev\accessors-smart\1.1\accessors-smart-1.1.jar;C:\repository\org\ow2\asm\asm\5.0.3\asm-5.0.3.jar;C:\repository\org\slf4j\slf4j-api\1.7.25\slf4j-api-1.7.25.jar;C:\repository\junit\junit\4.12\junit-4.12.jar;C:\repository\org\assertj\assertj-core\2.6.0\assertj-core-2.6.0.jar;C:\repository\org\mockito\mockito-core\1.10.19\mockito-core-1.10.19.jar;C:\repository\org\objenesis\objenesis\2.1\objenesis-2.1.jar;C:\repository\org\hamcrest\hamcrest-core\1.3\hamcrest-core-1.3.jar;C:\repository\org\hamcrest\hamcrest-library\1.3\hamcrest-library-1.3.jar;C:\repository\org\skyscreamer\jsonassert\1.4.0\jsonassert-1.4.0.jar;C:\repository\com\vaadin\external\google\android-json\0.0.20131108.vaadin1\android-json-0.0.20131108.vaadin1.jar;C:\repository\org\springframework\spring-test\4.3.21.RELEASE\spring-test-4.3.21.RELEASE.jar;C:\repository\org\springframework\boot\spring-boot-starter-web\1.5.18.RELEASE\spring-boot-starter-web-1.5.18.RELEASE.jar;C:\repository\org\springframework\boot\spring-boot-starter-tomcat\1.5.18.RELEASE\spring-boot-starter-tomcat-1.5.18.RELEASE.jar;C:\repository\org\apache\tomcat\embed\tomcat-embed-core\8.5.35\tomcat-embed-core-8.5.35.jar;C:\repository\org\apache\tomcat\tomcat-annotations-api\8.5.35\tomcat-annotations-api-8.5.35.jar;C:\repository\org\apache\tomcat\embed\tomcat-embed-el\8.5.35\tomcat-embed-el-8.5.35.jar;C:\repository\org\apache\tomcat\embed\tomcat-embed-websocket\8.5.35\tomcat-embed-websocket-8.5.35.jar;C:\repository\org\hibernate\hibernate-validator\5.3.6.Final\hibernate-validator-5.3.6.Final.jar;C:\repository\javax\validation\validation-api\1.1.0.Final\validation-api-1.1.0.Final.jar;C:\repository\org\jboss\logging\jboss-logging\3.3.2.Final\jboss-logging-3.3.2.Final.jar;C:\repository\com\fasterxml\classmate\1.3.4\classmate-1.3.4.jar;C:\repository\com\fasterxml\jackson\core\jackson-databind\2.8.11.3\jackson-databind-2.8.11.3.jar;C:\repository\com\fasterxml\jackson\core\jackson-annotations\2.8.0\jackson-annotations-2.8.0.jar;C:\repository\com\fasterxml\jackson\core\jackson-core\2.8.11\jackson-core-2.8.11.jar;C:\repository\org\springframework\spring-web\4.3.21.RELEASE\spring-web-4.3.21.RELEASE.jar;C:\repository\org\springframework\spring-aop\4.3.21.RELEASE\spring-aop-4.3.21.RELEASE.jar;C:\repository\org\springframework\spring-beans\4.3.21.RELEASE\spring-beans-4.3.21.RELEASE.jar;C:\repository\org\springframework\spring-webmvc\4.3.21.RELEASE\spring-webmvc-4.3.21.RELEASE.jar;C:\repository\org\springframework\spring-expression\4.3.21.RELEASE\spring-expression-4.3.21.RELEASE.jar;C:\repository\org\springframework\boot\spring-boot-starter-jdbc\1.5.18.RELEASE\spring-boot-starter-jdbc-1.5.18.RELEASE.jar;C:\repository\org\apache\tomcat\tomcat-jdbc\8.5.35\tomcat-jdbc-8.5.35.jar;C:\repository\org\apache\tomcat\tomcat-juli\8.5.35\tomcat-juli-8.5.35.jar;C:\repository\org\springframework\spring-jdbc\4.3.21.RELEASE\spring-jdbc-4.3.21.RELEASE.jar;C:\repository\org\springframework\spring-tx\4.3.21.RELEASE\spring-tx-4.3.21.RELEASE.jar;C:\repository\mysql\mysql-connector-java\5.1.21\mysql-connector-java-5.1.21.jar;C:\repository\org\springframework\boot\spring-boot-starter-data-jpa\1.5.18.RELEASE\spring-boot-starter-data-jpa-1.5.18.RELEASE.jar;C:\repository\org\springframework\boot\spring-boot-starter-aop\1.5.18.RELEASE\spring-boot-starter-aop-1.5.18.RELEASE.jar;C:\repository\org\aspectj\aspectjweaver\1.8.13\aspectjweaver-1.8.13.jar;C:\repository\org\hibernate\hibernate-core\5.0.12.Final\hibernate-core-5.0.12.Final.jar;C:\repository\org\hibernate\javax\persistence\hibernate-jpa-2.1-api\1.0.0.Final\hibernate-jpa-2.1-api-1.0.0.Final.jar;C:\repository\org\javassist\javassist\3.21.0-GA\javassist-3.21.0-GA.jar;C:\repository\antlr\antlr\2.7.7\antlr-2.7.7.jar;C:\repository\org\jboss\jandex\2.0.0.Final\jandex-2.0.0.Final.jar;C:\repository\dom4j\dom4j\1.6.1\dom4j-1.6.1.jar;C:\repository\org\hibernate\common\hibernate-commons-annotations\5.0.1.Final\hibernate-commons-annotations-5.0.1.Final.jar;C:\repository\org\hibernate\hibernate-entitymanager\5.0.12.Final\hibernate-entitymanager-5.0.12.Final.jar;C:\repository\javax\transaction\javax.transaction-api\1.2\javax.transaction-api-1.2.jar;C:\repository\org\springframework\data\spring-data-jpa\1.11.17.RELEASE\spring-data-jpa-1.11.17.RELEASE.jar;C:\repository\org\springframework\data\spring-data-commons\1.13.17.RELEASE\spring-data-commons-1.13.17.RELEASE.jar;C:\repository\org\springframework\spring-orm\4.3.21.RELEASE\spring-orm-4.3.21.RELEASE.jar;C:\repository\org\springframework\spring-aspects\4.3.21.RELEASE\spring-aspects-4.3.21.RELEASE.jar;C:\repository\org\springframework\boot\spring-boot-starter-cache\1.5.18.RELEASE\spring-boot-starter-cache-1.5.18.RELEASE.jar;C:\repository\org\springframework\spring-context\4.3.21.RELEASE\spring-context-4.3.21.RELEASE.jar;C:\repository\org\springframework\spring-context-support\4.3.21.RELEASE\spring-context-support-4.3.21.RELEASE.jar;C:\repository\org\springframework\boot\spring-boot-starter-redis\1.4.7.RELEASE\spring-boot-starter-redis-1.4.7.RELEASE.jar;C:\repository\org\springframework\data\spring-data-redis\1.8.17.RELEASE\spring-data-redis-1.8.17.RELEASE.jar;C:\repository\org\springframework\data\spring-data-keyvalue\1.2.17.RELEASE\spring-data-keyvalue-1.2.17.RELEASE.jar;C:\repository\org\springframework\spring-oxm\4.3.21.RELEASE\spring-oxm-4.3.21.RELEASE.jar;C:\repository\redis\clients\jedis\2.9.0\jedis-2.9.0.jar;C:\repository\org\apache\commons\commons-pool2\2.4.3\commons-pool2-2.4.3.jar;C:\repository\org\springframework\boot\spring-boot-starter-mail\1.5.18.RELEASE\spring-boot-starter-mail-1.5.18.RELEASE.jar;C:\repository\com\sun\mail\javax.mail\1.5.6\javax.mail-1.5.6.jar;C:\repository\javax\activation\activation\1.1\activation-1.1.jar;C:\repository\org\springframework\boot\spring-boot-starter-velocity\1.4.7.RELEASE\spring-boot-starter-velocity-1.4.7.RELEASE.jar;C:\repository\commons-beanutils\commons-beanutils\1.9.3\commons-beanutils-1.9.3.jar;C:\repository\commons-collections\commons-collections\3.2.2\commons-collections-3.2.2.jar;C:\repository\commons-digester\commons-digester\2.1\commons-digester-2.1.jar;C:\repository\org\apache\velocity\velocity\1.7\velocity-1.7.jar;C:\repository\commons-lang\commons-lang\2.4\commons-lang-2.4.jar;C:\repository\org\apache\velocity\velocity-tools\2.0\velocity-tools-2.0.jar;C:\repository\commons-chain\commons-chain\1.1\commons-chain-1.1.jar;C:\repository\commons-validator\commons-validator\1.3.1\commons-validator-1.3.1.jar;C:\repository\oro\oro\2.0.8\oro-2.0.8.jar;C:\repository\sslext\sslext\1.2-0\sslext-1.2-0.jar;C:\repository\org\apache\struts\struts-core\1.3.8\struts-core-1.3.8.jar;C:\repository\org\apache\struts\struts-taglib\1.3.8\struts-taglib-1.3.8.jar;C:\repository\org\apache\struts\struts-tiles\1.3.8\struts-tiles-1.3.8.jar;, user.name=shangyong, java.vm.specification.version=1.8, sun.java.command=H:\springboot\cttic-springboot2\target\surefire\surefirebooter7640879805084847607.jar H:\springboot\cttic-springboot2\target\surefire\surefire7972889902456853155tmp H:\springboot\cttic-springboot2\target\surefire\surefire_05005104844150395935tmp, java.home=C:\Program Files\Java\jdk1.8.0_91\jre, sun.arch.data.model=64, user.language=zh, java.specification.vendor=Oracle Corporation, awt.toolkit=sun.awt.windows.WToolkit, java.vm.info=mixed mode, java.version=1.8.0_91, java.ext.dirs=C:\Program Files\Java\jdk1.8.0_91\jre\lib\ext;C:\WINDOWS\Sun\Java\lib\ext, sun.boot.class.path=C:\Program Files\Java\jdk1.8.0_91\jre\lib\resources.jar;C:\Program Files\Java\jdk1.8.0_91\jre\lib\rt.jar;C:\Program Files\Java\jdk1.8.0_91\jre\lib\sunrsasign.jar;C:\Program Files\Java\jdk1.8.0_91\jre\lib\jsse.jar;C:\Program Files\Java\jdk1.8.0_91\jre\lib\jce.jar;C:\Program Files\Java\jdk1.8.0_91\jre\lib\charsets.jar;C:\Program Files\Java\jdk1.8.0_91\jre\lib\jfr.jar;C:\Program Files\Java\jdk1.8.0_91\jre\classes, java.vendor=Oracle Corporation, localRepository=C:\repository, file.separator=\, java.vendor.url.bug=http://bugreport.sun.com/bugreport/, sun.io.unicode.encoding=UnicodeLittle, sun.cpu.endian=little, sun.desktop=windows, sun.cpu.isalist=amd64}}, SystemEnvironmentPropertySource@339099861 {name='systemEnvironment', properties={PATH=C:\Program Files\Java\jdk1.8.0_91\bin;C:\Program Files\Java\jdk1.8.0_91\jre\bin;C:\Program Files (x86)\Common Files\Oracle\Java\javapath;C:\ProgramData\Oracle\Java\javapath;D:\app\shangyong\product\11.2.0\client_1\bin;C:\Program Files (x86)\Intel\iCLS Client\;C:\Program Files\Intel\iCLS Client\;C:\Windows\system32;C:\Windows;C:\Windows\System32\Wbem;C:\Windows\System32\WindowsPowerShell\v1.0\;C:\Program Files (x86)\Intel\Intel(R) Management Engine Components\DAL;C:\Program Files\Intel\Intel(R) Management Engine Components\DAL;C:\Program Files (x86)\Intel\Intel(R) Management Engine Components\IPT;C:\Program Files\Intel\Intel(R) Management Engine Components\IPT;C:\Program Files (x86)\NVIDIA Corporation\PhysX\Common;C:\apache-maven-3.5.0\bin;C:\Program Files (x86)\Brackets\command;C:\Program Files\Intel\WiFi\bin\;C:\Program Files\Common Files\Intel\WirelessCommon\;C:\Program Files\Git\cmd;C:\Program Files\TortoiseSVN\bin;C:\Program Files\nodejs\;C:\WINDOWS\system32;C:\WINDOWS;C:\WINDOWS\System32\Wbem;C:\WINDOWS\System32\WindowsPowerShell\v1.0\;D:\gradle-4.10.2\bin;C:\Program Files (x86)\Microsoft Visual Studio\Common\Tools\WinNT;C:\Program Files (x86)\Microsoft Visual Studio\Common\MSDev98\Bin;C:\Program Files (x86)\Microsoft Visual Studio\Common\Tools;C:\Program Files (x86)\Microsoft Visual Studio\VC98\bin;%USERPROFILE%\AppData\Local\Microsoft\WindowsApps;;C:\Program Files (x86)\SSH Communications Security\SSH Secure Shell;C:\Users\shangyong\AppData\Roaming\npm, USERDOMAIN_ROAMINGPROFILE=LAPTOP-C1PET2T4, PROCESSOR_LEVEL=6, SYSTEMDRIVE=C:, SESSIONNAME=Console, ALLUSERSPROFILE=C:\ProgramData, PROCESSOR_ARCHITECTURE=AMD64, PROGRAMFILES=C:\Program Files, PSMODULEPATH=C:\Program Files\WindowsPowerShell\Modules;C:\WINDOWS\system32\WindowsPowerShell\v1.0\Modules, PROGRAMDATA=C:\ProgramData, USERNAME=shangyong, #ENVTSLOGSHELLEXT8084=107720080, INCLUDE=C:\Program Files (x86)\Microsoft Visual Studio\VC98\atl\include;C:\Program Files (x86)\Microsoft Visual Studio\VC98\mfc\include;C:\Program Files (x86)\Microsoft Visual Studio\VC98\include, AWE_DIR=C:\Program Files (x86)\Khrona LLC\Awesomium SDK\1.6.6\, FPS_BROWSER_USER_PROFILE_STRING=Default, ONEDRIVE=C:\Users\shangyong\OneDrive, CONFIGSETROOT=C:\WINDOWS\ConfigSetRoot, MSDEVDIR=C:\Program Files (x86)\Microsoft Visual Studio\Common\MSDev98, PATHEXT=.COM;.EXE;.BAT;.CMD;.VBS;.VBE;.JS;.JSE;.WSF;.WSH;.MSC, WINDIR=C:\WINDOWS, HOMEPATH=\Users\shangyong, PROCESSOR_IDENTIFIER=Intel64 Family 6 Model 94 Stepping 3, GenuineIntel, M2_HOME=C:\apache-maven-3.5.0, PUBLIC=C:\Users\Public, =::=::\, GEOSERVER_DATA_DIR=C:\Program Files (x86)\GeoServer 2.10.2\data_dir, LOCALAPPDATA=C:\Users\shangyong\AppData\Local, COMMONPROGRAMFILES(X86)=C:\Program Files (x86)\Common Files, USERDOMAIN=LAPTOP-C1PET2T4, FPS_BROWSER_APP_PROFILE_STRING=Internet Explorer, LOGONSERVER=\\LAPTOP-C1PET2T4, JAVA_HOME=C:\Program Files\Java\jdk1.8.0_91, PROMPT=$P$G, PROGRAMFILES(X86)=C:\Program Files (x86), GRADLE_HOME=D:\gradle-4.10.2, APPDATA=C:\Users\shangyong\AppData\Roaming, PROGRAMW6432=C:\Program Files, SYSTEMROOT=C:\WINDOWS, LIB=C:\Program Files (x86)\Microsoft Visual Studio\VC98\mfc\lib;C:\Program Files (x86)\Microsoft Visual Studio\VC98\lib, OS=Windows_NT, COMMONPROGRAMW6432=C:\Program Files\Common Files, COMPUTERNAME=LAPTOP-C1PET2T4, COMMONPROGRAMFILES=C:\Program Files\Common Files, COMSPEC=C:\WINDOWS\system32\cmd.exe, PROCESSOR_REVISION=5e03, CLASSPATH=.;C:\Program Files\Java\jdk1.8.0_91\lib\dt.jar;C:\Program Files\Java\jdk1.8.0_91\lib\tools.jar;C:\repository\mysql\mysql-connector-java\5.1.29\mysql-connector-java-5.1.29.jar;, =H:=H:\springboot\cttic-springboot2, TEMP=C:\Users\SHANGY~1\AppData\Local\Temp, HOMEDRIVE=C:, USERPROFILE=C:\Users\shangyong, TMP=C:\Users\SHANGY~1\AppData\Local\Temp, NUMBER_OF_PROCESSORS=8}}]
16:34:10.108 [main] INFO org.springframework.boot.test.context.SpringBootTestContextBootstrapper - Found @SpringBootConfiguration com.cttic.service.CtticSpringboot2Application for test class com.cttic.service.CtticSpringboot2ApplicationTests
16:34:10.110 [main] DEBUG org.springframework.boot.test.context.SpringBootTestContextBootstrapper - @TestExecutionListeners is not present for class [com.cttic.service.CtticSpringboot2ApplicationTests]: using defaults.
16:34:10.115 [main] INFO org.springframework.boot.test.context.SpringBootTestContextBootstrapper - Loaded default TestExecutionListener class names from location [META-INF/spring.factories]: [org.springframework.boot.test.mock.mockito.MockitoTestExecutionListener, org.springframework.boot.test.mock.mockito.ResetMocksTestExecutionListener, org.springframework.boot.test.autoconfigure.restdocs.RestDocsTestExecutionListener, org.springframework.boot.test.autoconfigure.web.client.MockRestServiceServerResetTestExecutionListener, org.springframework.boot.test.autoconfigure.web.servlet.MockMvcPrintOnlyOnFailureTestExecutionListener, org.springframework.boot.test.autoconfigure.web.servlet.WebDriverTestExecutionListener, org.springframework.test.context.web.ServletTestExecutionListener, org.springframework.test.context.support.DirtiesContextBeforeModesTestExecutionListener, org.springframework.test.context.support.DependencyInjectionTestExecutionListener, org.springframework.test.context.support.DirtiesContextTestExecutionListener, org.springframework.test.context.transaction.TransactionalTestExecutionListener, org.springframework.test.context.jdbc.SqlScriptsTestExecutionListener]
16:34:10.119 [main] INFO org.springframework.boot.test.context.SpringBootTestContextBootstrapper - Using TestExecutionListeners: [org.springframework.test.context.web.ServletTestExecutionListener@7995092a, org.springframework.test.context.support.DirtiesContextBeforeModesTestExecutionListener@7fc2413d, org.springframework.boot.test.mock.mockito.MockitoTestExecutionListener@f8c1ddd, org.springframework.boot.test.autoconfigure.SpringBootDependencyInjectionTestExecutionListener@70be0a2b, org.springframework.test.context.support.DirtiesContextTestExecutionListener@2133814f, org.springframework.test.context.transaction.TransactionalTestExecutionListener@4c15e7fd, org.springframework.test.context.jdbc.SqlScriptsTestExecutionListener@23986957, org.springframework.boot.test.mock.mockito.ResetMocksTestExecutionListener@23f7d05d, org.springframework.boot.test.autoconfigure.restdocs.RestDocsTestExecutionListener@1e730495, org.springframework.boot.test.autoconfigure.web.client.MockRestServiceServerResetTestExecutionListener@7d3a22a9, org.springframework.boot.test.autoconfigure.web.servlet.MockMvcPrintOnlyOnFailureTestExecutionListener@1d082e88, org.springframework.boot.test.autoconfigure.web.servlet.WebDriverTestExecutionListener@60704c]
16:34:10.120 [main] DEBUG org.springframework.test.annotation.ProfileValueUtils - Retrieved @ProfileValueSourceConfiguration [null] for test class [com.cttic.service.CtticSpringboot2ApplicationTests]
16:34:10.120 [main] DEBUG org.springframework.test.annotation.ProfileValueUtils - Retrieved ProfileValueSource type [class org.springframework.test.annotation.SystemProfileValueSource] for class [com.cttic.service.CtticSpringboot2ApplicationTests]
16:34:10.120 [main] DEBUG org.springframework.test.annotation.ProfileValueUtils - Retrieved @ProfileValueSourceConfiguration [null] for test class [com.cttic.service.CtticSpringboot2ApplicationTests]
16:34:10.121 [main] DEBUG org.springframework.test.annotation.ProfileValueUtils - Retrieved ProfileValueSource type [class org.springframework.test.annotation.SystemProfileValueSource] for class [com.cttic.service.CtticSpringboot2ApplicationTests]
16:34:10.124 [main] DEBUG org.springframework.test.context.support.AbstractDirtiesContextTestExecutionListener - Before test class: context [DefaultTestContext@3c72f59f testClass = CtticSpringboot2ApplicationTests, testInstance = [null], testMethod = [null], testException = [null], mergedContextConfiguration = [WebMergedContextConfiguration@60dcc9fe testClass = CtticSpringboot2ApplicationTests, locations = '{}', classes = '{class com.cttic.service.CtticSpringboot2Application}', contextInitializerClasses = '[]', activeProfiles = '{}', propertySourceLocations = '{}', propertySourceProperties = '{org.springframework.boot.test.context.SpringBootTestContextBootstrapper=true}', contextCustomizers = set[org.springframework.boot.test.context.SpringBootTestContextCustomizer@4d41cee, org.springframework.boot.test.context.filter.ExcludeFilterContextCustomizer@33f88ab, org.springframework.boot.test.json.DuplicateJsonObjectContextCustomizerFactory$DuplicateJsonObjectContextCustomizer@1b68ddbd, org.springframework.boot.test.mock.mockito.MockitoContextCustomizer@0, org.springframework.boot.test.autoconfigure.properties.PropertyMappingContextCustomizer@0, org.springframework.boot.test.autoconfigure.web.servlet.WebDriverContextCustomizerFactory$Customizer@467aecef], resourceBasePath = 'src/main/webapp', contextLoader = 'org.springframework.boot.test.context.SpringBootContextLoader', parent = [null]]], class annotated with @DirtiesContext [false] with mode [null].
16:34:10.125 [main] DEBUG org.springframework.test.annotation.ProfileValueUtils - Retrieved @ProfileValueSourceConfiguration [null] for test class [com.cttic.service.CtticSpringboot2ApplicationTests]
16:34:10.125 [main] DEBUG org.springframework.test.annotation.ProfileValueUtils - Retrieved ProfileValueSource type [class org.springframework.test.annotation.SystemProfileValueSource] for class [com.cttic.service.CtticSpringboot2ApplicationTests]
16:34:10.193 [main] DEBUG org.springframework.core.env.StandardEnvironment - Adding PropertySource 'systemProperties' with lowest search precedence
16:34:10.193 [main] DEBUG org.springframework.core.env.StandardEnvironment - Adding PropertySource 'systemEnvironment' with lowest search precedence
16:34:10.193 [main] DEBUG org.springframework.core.env.StandardEnvironment - Initialized StandardEnvironment with PropertySources [MapPropertySource@572868060 {name='systemProperties', properties={java.runtime.name=Java(TM) SE Runtime Environment, sun.boot.library.path=C:\Program Files\Java\jdk1.8.0_91\jre\bin, java.vm.version=25.91-b15, java.vm.vendor=Oracle Corporation, java.vendor.url=http://java.oracle.com/, path.separator=;, java.vm.name=Java HotSpot(TM) 64-Bit Server VM, file.encoding.pkg=sun.io, user.country=CN, user.script=, sun.java.launcher=SUN_STANDARD, sun.os.patch.level=, java.vm.specification.name=Java Virtual Machine Specification, user.dir=H:\springboot\cttic-springboot2, java.runtime.version=1.8.0_91-b15, basedir=H:\springboot\cttic-springboot2, java.awt.graphicsenv=sun.awt.Win32GraphicsEnvironment, java.endorsed.dirs=C:\Program Files\Java\jdk1.8.0_91\jre\lib\endorsed, os.arch=amd64, surefire.real.class.path=H:\springboot\cttic-springboot2\target\surefire\surefirebooter7640879805084847607.jar, java.io.tmpdir=C:\Users\SHANGY~1\AppData\Local\Temp\, line.separator=
, java.vm.specification.vendor=Oracle Corporation, user.variant=, os.name=Windows 10, sun.jnu.encoding=GBK, java.library.path=C:\Program Files\Java\jdk1.8.0_91\jre\bin;C:\WINDOWS\Sun\Java\bin;C:\WINDOWS\system32;C:\WINDOWS;C:\Program Files\Java\jdk1.8.0_91\bin;C:\Program Files\Java\jdk1.8.0_91\jre\bin;C:\Program Files (x86)\Common Files\Oracle\Java\javapath;C:\ProgramData\Oracle\Java\javapath;D:\app\shangyong\product\11.2.0\client_1\bin;C:\Program Files (x86)\Intel\iCLS Client\;C:\Program Files\Intel\iCLS Client\;C:\Windows\system32;C:\Windows;C:\Windows\System32\Wbem;C:\Windows\System32\WindowsPowerShell\v1.0\;C:\Program Files (x86)\Intel\Intel(R) Management Engine Components\DAL;C:\Program Files\Intel\Intel(R) Management Engine Components\DAL;C:\Program Files (x86)\Intel\Intel(R) Management Engine Components\IPT;C:\Program Files\Intel\Intel(R) Management Engine Components\IPT;C:\Program Files (x86)\NVIDIA Corporation\PhysX\Common;C:\apache-maven-3.5.0\bin;C:\Program Files (x86)\Brackets\command;C:\Program Files\Intel\WiFi\bin\;C:\Program Files\Common Files\Intel\WirelessCommon\;C:\Program Files\Git\cmd;C:\Program Files\TortoiseSVN\bin;C:\Program Files\nodejs\;C:\WINDOWS\system32;C:\WINDOWS;C:\WINDOWS\System32\Wbem;C:\WINDOWS\System32\WindowsPowerShell\v1.0\;D:\gradle-4.10.2\bin;C:\Program Files (x86)\Microsoft Visual Studio\Common\Tools\WinNT;C:\Program Files (x86)\Microsoft Visual Studio\Common\MSDev98\Bin;C:\Program Files (x86)\Microsoft Visual Studio\Common\Tools;C:\Program Files (x86)\Microsoft Visual Studio\VC98\bin;%USERPROFILE%\AppData\Local\Microsoft\WindowsApps;;C:\Program Files (x86)\SSH Communications Security\SSH Secure Shell;C:\Users\shangyong\AppData\Roaming\npm;., surefire.test.class.path=H:\springboot\cttic-springboot2\target\test-classes;H:\springboot\cttic-springboot2\target\classes;C:\repository\org\springframework\boot\spring-boot-starter\1.5.18.RELEASE\spring-boot-starter-1.5.18.RELEASE.jar;C:\repository\org\springframework\boot\spring-boot\1.5.18.RELEASE\spring-boot-1.5.18.RELEASE.jar;C:\repository\org\springframework\boot\spring-boot-autoconfigure\1.5.18.RELEASE\spring-boot-autoconfigure-1.5.18.RELEASE.jar;C:\repository\org\springframework\boot\spring-boot-starter-logging\1.5.18.RELEASE\spring-boot-starter-logging-1.5.18.RELEASE.jar;C:\repository\ch\qos\logback\logback-classic\1.1.11\logback-classic-1.1.11.jar;C:\re
[...]
      Did not match:
         - @ConditionalOnClass did not find required class 'org.springframework.mobile.device.view.LiteDeviceDelegatingViewResolver' (OnClassCondition)

   DeviceResolverAutoConfiguration:
      Did not match:
         - @ConditionalOnClass did not find required classes 'org.springframework.mobile.device.DeviceResolverHandlerInterceptor', 'org.springframework.mobile.device.DeviceHandlerMethodArgumentResolver' (OnClassCondition)

   DispatcherServletAutoConfiguration.DispatcherServletConfiguration#multipartResolver:
      Did not match:
         - @ConditionalOnBean (types: org.springframework.web.multipart.MultipartResolver; SearchStrategy: all) did not find any beans (OnBeanCondition)

   EhCacheCacheConfiguration:
      Did not match:
         - @ConditionalOnClass did not find required class 'net.sf.ehcache.Cache' (OnClassCondition)

   ElasticsearchAutoConfiguration:
      Did not match:
         - @ConditionalOnClass did not find required classes 'org.elasticsearch.client.Client', 'org.springframework.data.elasticsearch.client.TransportClientFactoryBean', 'org.springframework.data.elasticsearch.client.NodeClientFactoryBean' (OnClassCondition)

   ElasticsearchDataAutoConfiguration:
      Did not match:
         - @ConditionalOnClass did not find required classes 'org.elasticsearch.client.Client', 'org.springframework.data.elasticsearch.core.ElasticsearchTemplate' (OnClassCondition)

   ElasticsearchRepositoriesAutoConfiguration:
      Did not match:
         - @ConditionalOnClass did not find required classes 'org.elasticsearch.client.Client', 'org.springframework.data.elasticsearch.repository.ElasticsearchRepository' (OnClassCondition)

   EmbeddedLdapAutoConfiguration:
      Did not match:
         - @ConditionalOnClass did not find required class 'com.unboundid.ldap.listener.InMemoryDirectoryServer' (OnClassCondition)

   EmbeddedMongoAutoConfiguration:
      Did not match:
         - @ConditionalOnClass did not find required classes 'com.mongodb.MongoClient', 'de.flapdoodle.embed.mongo.MongodStarter' (OnClassCondition)

   EmbeddedServletContainerAutoConfiguration.EmbeddedJetty:
      Did not match:
         - @ConditionalOnClass did not find required classes 'org.eclipse.jetty.server.Server', 'org.eclipse.jetty.util.Loader', 'org.eclipse.jetty.webapp.WebAppContext' (OnClassCondition)

   EmbeddedServletContainerAutoConfiguration.EmbeddedUndertow:
      Did not match:
         - @ConditionalOnClass did not find required classes 'io.undertow.Undertow', 'org.xnio.SslClientAuthMode' (OnClassCondition)

   FacebookAutoConfiguration:
      Did not match:
         - @ConditionalOnClass did not find required classes 'org.springframework.social.config.annotation.SocialConfigurerAdapter', 'org.springframework.social.facebook.connect.FacebookConnectionFactory' (OnClassCondition)

   FallbackWebSecurityAutoConfiguration:
      Did not match:
         - @ConditionalOnClass did not find required class 'org.springframework.security.config.annotation.web.configuration.EnableWebSecurity' (OnClassCondition)

   FlywayAutoConfiguration:
      Did not match:
         - @ConditionalOnClass did not find required class 'org.flywaydb.core.Flyway' (OnClassCondition)

   FreeMarkerAutoConfiguration:
      Did not match:
         - @ConditionalOnClass did not find required class 'freemarker.template.Configuration' (OnClassCondition)

   GenericCacheConfiguration:
      Did not match:
         - @ConditionalOnBean (types: org.springframework.cache.Cache; SearchStrategy: all) did not find any beans (OnBeanCondition)
      Matched:
         - Cache org.springframework.boot.autoconfigure.cache.GenericCacheConfiguration automatic cache type (CacheCondition)

   GroovyTemplateAutoConfiguration:
      Did not match:
         - @ConditionalOnClass did not find required class 'groovy.text.markup.MarkupTemplateEngine' (OnClassCondition)

   GsonAutoConfiguration:
      Did not match:
         - @ConditionalOnClass did not find required class 'com.google.gson.Gson' (OnClassCondition)

   GsonHttpMessageConvertersConfiguration:
      Did not match:
         - @ConditionalOnClass did not find required class 'com.google.gson.Gson' (OnClassCondition)

   GuavaCacheConfiguration:
      Did not match:
         - @ConditionalOnClass did not find required class 'com.google.common.cache.CacheBuilder' (OnClassCondition)

   H2ConsoleAutoConfiguration:
      Did not match:
         - @ConditionalOnClass did not find required class 'org.h2.server.web.WebServlet' (OnClassCondition)

   HazelcastAutoConfiguration:
      Did not match:
         - @ConditionalOnClass did not find required class 'com.hazelcast.core.HazelcastInstance' (OnClassCondition)

   HazelcastCacheConfiguration:
      Did not match:
         - @ConditionalOnClass did not find required classes 'com.hazelcast.core.HazelcastInstance', 'com.hazelcast.spring.cache.HazelcastCacheManager' (OnClassCondition)

   HazelcastJpaDependencyAutoConfiguration:
      Did not match:
         - @ConditionalOnClass did not find required class 'com.hazelcast.core.HazelcastInstance' (OnClassCondition)

   HypermediaAutoConfiguration:
      Did not match:
         - @ConditionalOnClass did not find required classes 'org.springframework.hateoas.Resource', 'org.springframework.plugin.core.Plugin' (OnClassCondition)

   InfinispanCacheConfiguration:
      Did not match:
         - @ConditionalOnClass did not find required class 'org.infinispan.spring.provider.SpringEmbeddedCacheManager' (OnClassCondition)

   IntegrationAutoConfiguration:
      Did not match:
         - @ConditionalOnClass did not find required class 'org.springframework.integration.config.EnableIntegration' (OnClassCondition)

   JCacheCacheConfiguration:
      Did not match:
         - @ConditionalOnClass did not find required class 'javax.cache.Caching' (OnClassCondition)

   JacksonAutoConfiguration.JodaDateTimeJacksonConfiguration:
      Did not match:
         - @ConditionalOnClass did not find required classes 'org.joda.time.DateTime', 'com.fasterxml.jackson.datatype.joda.ser.DateTimeSerializer', 'com.fasterxml.jackson.datatype.joda.cfg.JacksonJodaDateFormat' (OnClassCondition)

   JacksonAutoConfiguration.ParameterNamesModuleConfiguration:
      Did not match:
         - @ConditionalOnClass did not find required class 'com.fasterxml.jackson.module.paramnames.ParameterNamesModule' (OnClassCondition)

   JacksonHttpMessageConvertersConfiguration.MappingJackson2XmlHttpMessageConverterConfiguration:
      Did not match:
         - @ConditionalOnClass did not find required class 'com.fasterxml.jackson.dataformat.xml.XmlMapper' (OnClassCondition)

   JerseyAutoConfiguration:
      Did not match:
         - @ConditionalOnClass did not find required class 'org.glassfish.jersey.server.spring.SpringComponentProvider' (OnClassCondition)

   JestAutoConfiguration:
      Did not match:
         - @ConditionalOnClass did not find required class 'io.searchbox.client.JestClient' (OnClassCondition)

   JmsAutoConfiguration:
      Did not match:
         - @ConditionalOnClass did not find required classes 'javax.jms.Message', 'org.springframework.jms.core.JmsTemplate' (OnClassCondition)

   JmxAutoConfiguration:
      Did not match:
         - @ConditionalOnProperty (spring.jmx.enabled=true) found different value in property 'enabled' (OnPropertyCondition)
      Matched:
         - @ConditionalOnClass found required class 'org.springframework.jmx.export.MBeanExporter'; @ConditionalOnMissingClass did not find unwanted class (OnClassCondition)

   JndiConnectionFactoryAutoConfiguration:
      Did not match:
         - @ConditionalOnClass did not find required class 'org.springframework.jms.core.JmsTemplate' (OnClassCondition)

   JndiDataSourceAutoConfiguration:
      Did not match:
         - @ConditionalOnProperty (spring.datasource.jndi-name) did not find property 'jndi-name' (OnPropertyCondition)
      Matched:
         - @ConditionalOnClass found required classes 'javax.sql.DataSource', 'org.springframework.jdbc.datasource.embedded.EmbeddedDatabaseType'; @ConditionalOnMissingClass did not find unwanted class (OnClassCondition)

   JndiJtaConfiguration:
      Did not match:
         - @ConditionalOnJndi JNDI environment is not available (OnJndiCondition)
      Matched:
         - @ConditionalOnClass found required class 'org.springframework.transaction.jta.JtaTransactionManager'; @ConditionalOnMissingClass did not find unwanted class (OnClassCondition)

   JooqAutoConfiguration:
      Did not match:
         - @ConditionalOnClass did not find required class 'org.jooq.DSLContext' (OnClassCondition)

   KafkaAutoConfiguration:
      Did not match:
         - @ConditionalOnClass did not find required class 'org.springframework.kafka.core.KafkaTemplate' (OnClassCondition)

   LdapAutoConfiguration:
      Did not match:
         - @ConditionalOnClass did not find required class 'org.springframework.ldap.core.ContextSource' (OnClassCondition)

   LdapDataAutoConfiguration:
      Did not match:
         - @ConditionalOnClass did not find required class 'org.springframework.data.ldap.repository.LdapRepository' (OnClassCondition)

   LdapRepositoriesAutoConfiguration:
      Did not match:
         - @ConditionalOnClass did not find required class 'org.springframework.data.ldap.repository.LdapRepository' (OnClassCondition)

   LinkedInAutoConfiguration:
      Did not match:
         - @ConditionalOnClass did not find required classes 'org.springframework.social.config.annotation.SocialConfigurerAdapter', 'org.springframework.social.linkedin.connect.LinkedInConnectionFactory' (OnClassCondition)

   LiquibaseAutoConfiguration:
      Did not match:
         - @ConditionalOnClass did not find required class 'liquibase.integration.spring.SpringLiquibase' (OnClassCondition)

   MailSenderJndiConfiguration:
      Did not match:
         - @ConditionalOnProperty (spring.mail.jndi-name) did not find property 'jndi-name' (OnPropertyCondition)
      Matched:
         - @ConditionalOnClass found required class 'javax.mail.Session'; @ConditionalOnMissingClass did not find unwanted class (OnClassCondition)

   MailSenderValidatorAutoConfiguration:
      Did not match:
         - @ConditionalOnProperty (spring.mail.test-connection) did not find property 'test-connection' (OnPropertyCondition)

   MessageSourceAutoConfiguration:
      Did not match:
         - ResourceBundle did not find bundle with basename messages (MessageSourceAutoConfiguration.ResourceBundleCondition)

   MongoAutoConfiguration:
      Did not match:
         - @ConditionalOnClass did not find required class 'com.mongodb.MongoClient' (OnClassCondition)

   MongoDataAutoConfiguration:
      Did not match:
         - @ConditionalOnClass did not find required classes 'com.mongodb.MongoClient', 'org.springframework.data.mongodb.core.MongoTemplate' (OnClassCondition)

   MongoRepositoriesAutoConfiguration:
      Did not match:
         - @ConditionalOnClass did not find required classes 'com.mongodb.MongoClient', 'org.springframework.data.mongodb.repository.MongoRepository' (OnClassCondition)

   MustacheAutoConfiguration:
      Did not match:
         - @ConditionalOnClass did not find required class 'com.samskivert.mustache.Mustache' (OnClassCondition)

   NarayanaJtaConfiguration:
      Did not match:
         - @ConditionalOnClass did not find required classes 'com.arjuna.ats.jta.UserTransaction', 'org.jboss.tm.XAResourceRecoveryRegistry' (OnClassCondition)

   Neo4jDataAutoConfiguration:
      Did not match:
         - @ConditionalOnClass did not find required classes 'org.neo4j.ogm.session.SessionFactory', 'org.springframework.data.neo4j.transaction.Neo4jTransactionManager' (OnClassCondition)

   Neo4jRepositoriesAutoConfiguration:
      Did not match:
         - @ConditionalOnClass did not find required classes 'org.neo4j.ogm.session.Neo4jSession', 'org.springframework.data.neo4j.repository.GraphRepository' (OnClassCondition)

   NoOpCacheConfiguration:
      Did not match:
         - @ConditionalOnMissingBean (types: org.springframework.cache.CacheManager; SearchStrategy: all) found bean 'cacheManager' (OnBeanCondition)
      Matched:
         - Cache org.springframework.boot.autoconfigure.cache.NoOpCacheConfiguration automatic cache type (CacheCondition)

   OAuth2AutoConfiguration:
      Did not match:
         - @ConditionalOnClass did not find required class 'org.springframework.security.oauth2.common.OAuth2AccessToken' (OnClassCondition)

   ProjectInfoAutoConfiguration#buildProperties:
      Did not match:
         - @ConditionalOnResource did not find resource '${spring.info.build.location:classpath:META-INF/build-info.properties}' (OnResourceCondition)

   ProjectInfoAutoConfiguration#gitProperties:
      Did not match:
         - GitResource did not find git info at classpath:git.properties (ProjectInfoAutoConfiguration.GitResourceAvailableCondition)

   RabbitAutoConfiguration:
      Did not match:
         - @ConditionalOnClass did not find required classes 'org.springframework.amqp.rabbit.core.RabbitTemplate', 'com.rabbitmq.client.Channel' (OnClassCondition)

   ReactorAutoConfiguration:
      Did not match:
         - @ConditionalOnClass did not find required classes 'reactor.spring.context.config.EnableReactor', 'reactor.Environment' (OnClassCondition)

   RepositoryRestMvcAutoConfiguration:
      Did not match:
         - @ConditionalOnClass did not find required class 'org.springframework.data.rest.webmvc.config.RepositoryRestMvcConfiguration' (OnClassCondition)

   SecurityAutoConfiguration:
      Did not match:
         - @ConditionalOnClass did not find required classes 'org.springframework.security.authentication.AuthenticationManager', 'org.springframework.security.config.annotation.authentication.configurers.GlobalAuthenticationConfigurerAdapter' (OnClassCondition)

   SecurityFilterAutoConfiguration:
      Did not match:
         - @ConditionalOnClass did not find required classes 'org.springframework.security.web.context.AbstractSecurityWebApplicationInitializer', 'org.springframework.security.config.http.SessionCreationPolicy' (OnClassCondition)

   SendGridAutoConfiguration:
      Did not match:
         - @ConditionalOnClass did not find required class 'com.sendgrid.SendGrid' (OnClassCondition)

   SessionAutoConfiguration:
      Did not match:
         - @ConditionalOnClass did not find required class 'org.springframework.session.Session' (OnClassCondition)

   SimpleCacheConfiguration:
      Did not match:
         - @ConditionalOnMissingBean (types: org.springframework.cache.CacheManager; SearchStrategy: all) found bean 'cacheManager' (OnBeanCondition)
      Matched:
         - Cache org.springframework.boot.autoconfigure.cache.SimpleCacheConfiguration automatic cache type (CacheCondition)

   SitePreferenceAutoConfiguration:
      Did not match:
         - @ConditionalOnClass did not find required classes 'org.springframework.mobile.device.site.SitePreferenceHandlerInterceptor', 'org.springframework.mobile.device.site.SitePreferenceHandlerMethodArgumentResolver' (OnClassCondition)

   SocialWebAutoConfiguration:
      Did not match:
         - @ConditionalOnClass did not find required classes 'org.springframework.social.connect.web.ConnectController', 'org.springframework.social.config.annotation.SocialConfigurerAdapter' (OnClassCondition)

   SolrAutoConfiguration:
      Did not match:
         - @ConditionalOnClass did not find required classes 'org.apache.solr.client.solrj.impl.HttpSolrClient', 'org.apache.solr.client.solrj.impl.CloudSolrClient' (OnClassCondition)

   SolrRepositoriesAutoConfiguration:
      Did not match:
         - @ConditionalOnClass did not find required classes 'org.apache.solr.client.solrj.SolrClient', 'org.springframework.data.solr.repository.SolrRepository' (OnClassCondition)

   SpringApplicationAdminJmxAutoConfiguration:
      Did not match:
         - @ConditionalOnProperty (spring.application.admin.enabled=true) did not find property 'enabled' (OnPropertyCondition)

   ThymeleafAutoConfiguration:
      Did not match:
         - @ConditionalOnClass did not find required class 'org.thymeleaf.spring4.SpringTemplateEngine' (OnClassCondition)

   TransactionAutoConfiguration.EnableTransactionManagementConfiguration.JdkDynamicAutoProxyConfiguration:
      Did not match:
         - @ConditionalOnProperty (spring.aop.proxy-target-class=false) did not find property 'proxy-target-class' (OnPropertyCondition)

   TwitterAutoConfiguration:
      Did not match:
         - @ConditionalOnClass did not find required classes 'org.springframework.social.config.annotation.SocialConfigurerAdapter', 'org.springframework.social.twitter.connect.TwitterConnectionFactory' (OnClassCondition)

   WebMvcAutoConfiguration.ResourceChainCustomizerConfiguration:
      Did not match:
         - @ConditionalOnEnabledResourceChain did not find class org.webjars.WebJarAssetLocator (OnEnabledResourceChainCondition)

   WebMvcAutoConfiguration.WebMvcAutoConfigurationAdapter#beanNameViewResolver:
      Did not match:
         - @ConditionalOnMissingBean (types: org.springframework.web.servlet.view.BeanNameViewResolver; SearchStrategy: all) found bean 'beanNameViewResolver' (OnBeanCondition)

   WebMvcAutoConfiguration.WebMvcAutoConfigurationAdapter#dateFormatter:
      Did not match:
         - @ConditionalOnProperty (spring.mvc.date-format) did not find property 'date-format' (OnPropertyCondition)

   WebMvcAutoConfiguration.WebMvcAutoConfigurationAdapter#localeResolver:
      Did not match:
         - @ConditionalOnProperty (spring.mvc.locale) did not find property 'locale' (OnPropertyCondition)

   WebServicesAutoConfiguration:
      Did not match:
         - @ConditionalOnClass did not find required class 'org.springframework.ws.transport.http.MessageDispatcherServlet' (OnClassCondition)

   WebSocketAutoConfiguration.JettyWebSocketConfiguration:
      Did not match:
         - @ConditionalOnClass did not find required class 'org.eclipse.jetty.websocket.jsr356.server.deploy.WebSocketServerContainerInitializer' (OnClassCondition)

   WebSocketAutoConfiguration.UndertowWebSocketConfiguration:
      Did not match:
         - @ConditionalOnClass did not find required class 'io.undertow.websockets.jsr.Bootstrap' (OnClassCondition)

   WebSocketMessagingAutoConfiguration:
      Did not match:
         - @ConditionalOnClass did not find required class 'org.springframework.web.socket.config.annotation.WebSocketMessageBrokerConfigurer' (OnClassCondition)

   XADataSourceAutoConfiguration:
      Did not match:
         - @ConditionalOnBean (types: org.springframework.boot.jta.XADataSourceWrapper; SearchStrategy: all) did not find any beans (OnBeanCondition)
      Matched:
         - @ConditionalOnClass found required classes 'javax.sql.DataSource', 'javax.transaction.TransactionManager', 'org.springframework.jdbc.datasource.embedded.EmbeddedDatabaseType'; @ConditionalOnMissingClass did not find unwanted class (OnClassCondition)


Exclusions:
-----------

    None


Unconditional classes:
----------------------

    org.springframework.boot.autoconfigure.web.WebClientAutoConfiguration

    org.springframework.boot.autoconfigure.context.PropertyPlaceholderAutoConfiguration

    org.springframework.boot.autoconfigure.context.ConfigurationPropertiesAutoConfiguration

    org.springframework.boot.starter.redis.RedisStarterDeprecationWarningAutoConfiguration

    org.springframework.boot.autoconfigure.info.ProjectInfoAutoConfiguration



]]></system-err>
  </testcase>
</testsuite>