# JRE version: Java(TM) SE Runtime Environment (8.0_91-b15) (build 1.8.0_91-b15)
# Java VM: Java HotSpot(TM) 64-Bit Server VM (25.91-b15 mixed mode windows-amd64 compressed oops)
Heap:
 PSYoungGen      total 138240K, used 45300K [0x00000000d6000000, 0x00000000e1680000, 0x0000000100000000)
  eden space 129024K, 27% used [0x00000000d6000000,0x00000000d8340298,0x00000000dde00000)
  from space 9216K, 99% used [0x00000000dde00000,0x00000000de6fcfb0,0x00000000de700000)
  to   space 10240K, 0% used [0x00000000e0c80000,0x00000000e0c80000,0x00000000e1680000)
 ParOldGen       total 56320K, used 8287K [0x0000000082000000, 0x0000000085700000, 0x00000000d6000000)
  object space 56320K, 14% used [0x0000000082000000,0x0000000082817da8,0x0000000085700000)
 Metaspace       used 28726K, capacity 29154K, committed 29360K, reserved 1075200K
  class space    used 3529K, capacity 3644K, committed 3760K, reserved 1048576K
GC Heap History (10 events):
Event: 1.490 GC heap before
{Heap before GC invocations=4 (full 0):
 PSYoungGen      total 37888K, used 37865K [0x00000000d6000000, 0x00000000daa00000, 0x0000000100000000)
  eden space 32768K, 100% used [0x00000000d6000000,0x00000000d8000000,0x00000000d8000000)
  from space 5120K, 99% used [0x00000000d8000000,0x00000000d84fa660,0x00000000d8500000)
  to   space 5120K, 0% used [0x00000000da500000,0x00000000da500000,0x00000000daa00000)
 ParOldGen       total 86016K, used 3954K [0x0000000082000000, 0x0000000087400000, 0x00000000d6000000)
  object space 86016K, 4% used [0x0000000082000000,0x00000000823dca90,0x0000000087400000)
 Metaspace       used 19907K, capacity 20144K, committed 20480K, reserved 1067008K
  class space    used 2409K, capacity 2457K, committed 2560K, reserved 1048576K
Event: 1.496 GC heap after
Heap after GC invocations=4 (full 0):
 PSYoungGen      total 70656K, used 5093K [0x00000000d6000000, 0x00000000daa00000, 0x0000000100000000)
  eden space 65536K, 0% used [0x00000000d6000000,0x00000000d6000000,0x00000000da000000)
  from space 5120K, 99% used [0x00000000da500000,0x00000000da9f97e0,0x00000000daa00000)
  to   space 5120K, 0% used [0x00000000da000000,0x00000000da000000,0x00000000da500000)
 ParOldGen       total 86016K, used 7190K [0x0000000082000000, 0x0000000087400000, 0x00000000d6000000)
  object space 86016K, 8% used [0x0000000082000000,0x00000000827059b0,0x0000000087400000)
 Metaspace       used 19907K, capacity 20144K, committed 20480K, reserved 1067008K
  class space    used 2409K, capacity 2457K, committed 2560K, reserved 1048576K
}
Event: 1.548 GC heap before
{Heap before GC invocations=5 (full 0):
 PSYoungGen      total 70656K, used 14478K [0x00000000d6000000, 0x00000000daa00000, 0x0000000100000000)
  eden space 65536K, 14% used [0x00000000d6000000,0x00000000d692a070,0x00000000da000000)
  from space 5120K, 99% used [0x00000000da500000,0x00000000da9f97e0,0x00000000daa00000)
  to   space 5120K, 0% used [0x00000000da000000,0x00000000da000000,0x00000000da500000)
 ParOldGen       total 86016K, used 7190K [0x0000000082000000, 0x0000000087400000, 0x00000000d6000000)
  object space 86016K, 8% used [0x0000000082000000,0x00000000827059b0,0x0000000087400000)
 Metaspace       used 20960K, capacity 21178K, committed 21296K, reserved 1069056K
  class space    used 2526K, capacity 2590K, committed 2608K, reserved 1048576K
Event: 1.553 GC heap after
Heap after GC invocations=5 (full 0):
 PSYoungGen      total 70656K, used 5113K [0x00000000d6000000, 0x00000000df200000, 0x0000000100000000)
  eden space 65536K, 0% used [0x00000000d6000000,0x00000000d6000000,0x00000000da000000)
  from space 5120K, 99% used [0x00000000da000000,0x00000000da4fe6a0,0x00000000da500000)
  to   space 9216K, 0% used [0x00000000de900000,0x00000000de900000,0x00000000df200000)
 ParOldGen       total 86016K, used 8133K [0x0000000082000000, 0x0000000087400000, 0x00000000d6000000)
  object space 86016K, 9% used [0x0000000082000000,0x00000000827f1710,0x0000000087400000)
 Metaspace       used 20960K, capacity 21178K, committed 21296K, reserved 1069056K
  class space    used 2526K, capacity 2590K, committed 2608K, reserved 1048576K
}
Event: 1.553 GC heap before
{Heap before GC invocations=6 (full 1):
 PSYoungGen      total 70656K, used 5113K [0x00000000d6000000, 0x00000000df200000, 0x0000000100000000)
  eden space 65536K, 0% used [0x00000000d6000000,0x00000000d6000000,0x00000000da000000)
  from space 5120K, 99% used [0x00000000da000000,0x00000000da4fe6a0,0x00000000da500000)
  to   space 9216K, 0% used [0x00000000de900000,0x00000000de900000,0x00000000df200000)
 ParOldGen       total 86016K, used 8133K [0x0000000082000000, 0x0000000087400000, 0x00000000d6000000)
  object space 86016K, 9% used [0x0000000082000000,0x00000000827f1710,0x0000000087400000)
 Metaspace       used 20960K, capacity 21178K, committed 21296K, reserved 1069056K
  class space    used 2526K, capacity 2590K, committed 2608K, reserved 1048576K
Event: 1.582 GC heap after
Heap after GC invocations=6 (full 1):
 PSYoungGen      total 70656K, used 0K [0x00000000d6000000, 0x00000000df200000, 0x0000000100000000)
  eden space 65536K, 0% used [0x00000000d6000000,0x00000000d6000000,0x00000000da000000)
  from space 5120K, 0% used [0x00000000da000000,0x00000000da000000,0x00000000da500000)
  to   space 9216K, 0% used [0x00000000de900000,0x00000000de900000,0x00000000df200000)
 ParOldGen       total 56320K, used 7394K [0x0000000082000000, 0x0000000085700000, 0x00000000d6000000)
  object space 56320K, 13% used [0x0000000082000000,0x0000000082738930,0x0000000085700000)
 Metaspace       used 20960K, capacity 21178K, committed 21296K, reserved 1069056K
  class space    used 2526K, capacity 2590K, committed 2608K, reserved 1048576K
}
Event: 1.987 GC heap before
{Heap before GC invocations=7 (full 1):
 PSYoungGen      total 70656K, used 65536K [0x00000000d6000000, 0x00000000df200000, 0x0000000100000000)
  eden space 65536K, 100% used [0x00000000d6000000,0x00000000da000000,0x00000000da000000)
  from space 5120K, 0% used [0x00000000da000000,0x00000000da000000,0x00000000da500000)
  to   space 9216K, 0% used [0x00000000de900000,0x00000000de900000,0x00000000df200000)
 ParOldGen       total 56320K, used 7394K [0x0000000082000000, 0x0000000085700000, 0x00000000d6000000)
  object space 56320K, 13% used [0x0000000082000000,0x0000000082738930,0x0000000085700000)
 Metaspace       used 23633K, capacity 23994K, committed 24240K, reserved 1071104K
  class space    used 2841K, capacity 2928K, committed 2992K, reserved 1048576K
Event: 1.994 GC heap after
Heap after GC invocations=7 (full 1):
 PSYoungGen      total 113152K, used 6793K [0x00000000d6000000, 0x00000000df000000, 0x0000000100000000)
  eden space 105984K, 0% used [0x00000000d6000000,0x00000000d6000000,0x00000000dc780000)
  from space 7168K, 94% used [0x00000000de900000,0x00000000defa24a0,0x00000000df000000)
  to   space 9216K, 0% used [0x00000000dde00000,0x00000000dde00000,0x00000000de700000)
 ParOldGen       total 56320K, used 7402K [0x0000000082000000, 0x0000000085700000, 0x00000000d6000000)
  object space 56320K, 13% used [0x0000000082000000,0x000000008273a930,0x0000000085700000)
 Metaspace       used 23633K, capacity 23994K, committed 24240K, reserved 1071104K
  class space    used 2841K, capacity 2928K, committed 2992K, reserved 1048576K
}
Event: 2.892 GC heap before
{Heap before GC invocations=8 (full 1):
 PSYoungGen      total 113152K, used 112777K [0x00000000d6000000, 0x00000000df000000, 0x0000000100000000)
  eden space 105984K, 100% used [0x00000000d6000000,0x00000000dc780000,0x00000000dc780000)
  from space 7168K, 94% used [0x00000000de900000,0x00000000defa24a0,0x00000000df000000)
  to   space 9216K, 0% used [0x00000000dde00000,0x00000000dde00000,0x00000000de700000)
 ParOldGen       total 56320K, used 7402K [0x0000000082000000, 0x0000000085700000, 0x00000000d6000000)
  object space 56320K, 13% used [0x0000000082000000,0x000000008273a930,0x0000000085700000)
 Metaspace       used 27960K, capacity 28344K, committed 28720K, reserved 1075200K
  class space    used 3422K, capacity 3509K, committed 3632K, reserved 1048576K
Event: 2.901 GC heap after
Heap after GC invocations=8 (full 1):
 PSYoungGen      total 138240K, used 9203K [0x00000000d6000000, 0x00000000e1680000, 0x0000000100000000)
  eden space 129024K, 0% used [0x00000000d6000000,0x00000000d6000000,0x00000000dde00000)
  from space 9216K, 99% used [0x00000000dde00000,0x00000000de6fcfb0,0x00000000de700000)
  to   space 10240K, 0% used [0x00000000e0c80000,0x00000000e0c80000,0x00000000e1680000)
 ParOldGen       total 56320K, used 8287K [0x0000000082000000, 0x0000000085700000, 0x00000000d6000000)
  object space 56320K, 14% used [0x0000000082000000,0x0000000082817da8,0x0000000085700000)
 Metaspace       used 27960K, capacity 28344K, committed 28720K, reserved 1075200K
  class space    used 3422K, capacity 3509K, committed 3632K, reserved 1048576K
}

